000 (398.211.000) 02/11 09:45:05 Job submitted from host: <10.0.8.10:9618?addrs=10.0.8.10-9618&noUDP&sock=3696752_f7c3_3>
...
001 (398.211.000) 02/11 10:57:16 Job executing on host: <10.0.9.3:9618?addrs=10.0.9.3-9618&noUDP&sock=1064_64db_3>
...
006 (398.211.000) 02/11 10:57:24 Image size of job updated: 29360
	29  -  MemoryUsage of job (MB)
	28700  -  ResidentSetSize of job (KB)
...
006 (398.211.000) 02/11 11:02:24 Image size of job updated: 29624
	29  -  MemoryUsage of job (MB)
	28700  -  ResidentSetSize of job (KB)
...
006 (398.211.000) 02/11 11:07:25 Image size of job updated: 29856
	29  -  MemoryUsage of job (MB)
	28800  -  ResidentSetSize of job (KB)
...
006 (398.211.000) 02/11 11:12:26 Image size of job updated: 29856
	29  -  MemoryUsage of job (MB)
	28864  -  ResidentSetSize of job (KB)
...
006 (398.211.000) 02/11 11:27:28 Image size of job updated: 1074123844
	34  -  MemoryUsage of job (MB)
	34096  -  ResidentSetSize of job (KB)
...
006 (398.211.000) 02/11 11:29:13 Image size of job updated: 1074145972
	34  -  MemoryUsage of job (MB)
	34096  -  ResidentSetSize of job (KB)
...
005 (398.211.000) 02/11 11:29:13 Job terminated.
	(1) Normal termination (return value 128)
		Usr 0 00:02:13, Sys 0 00:00:40  -  Run Remote Usage
		Usr 0 00:00:00, Sys 0 00:00:00  -  Run Local Usage
		Usr 0 00:02:13, Sys 0 00:00:40  -  Total Remote Usage
		Usr 0 00:00:00, Sys 0 00:00:00  -  Total Local Usage
	0  -  Run Bytes Sent By Job
	0  -  Run Bytes Received By Job
	0  -  Total Bytes Sent By Job
	0  -  Total Bytes Received By Job
	Partitionable Resources :    Usage  Request Allocated 
	   Cpus                 :     0.22        1         1 
	   Disk (KB)            :     1           1  19623598 
	   Memory (MB)          :    34           1      6000 
...
