000 (398.439.000) 02/11 09:45:05 Job submitted from host: <10.0.8.10:9618?addrs=10.0.8.10-9618&noUDP&sock=3696752_f7c3_3>
...
001 (398.439.000) 02/11 12:29:07 Job executing on host: <10.0.9.1:9618?addrs=10.0.9.1-9618&noUDP&sock=1544_a251_3>
...
006 (398.439.000) 02/11 12:29:15 Image size of job updated: 28728
	29  -  MemoryUsage of job (MB)
	28728  -  ResidentSetSize of job (KB)
...
006 (398.439.000) 02/11 12:34:15 Image size of job updated: 1074145972
	31  -  MemoryUsage of job (MB)
	31100  -  ResidentSetSize of job (KB)
...
006 (398.439.000) 02/11 12:34:24 Image size of job updated: 1074179164
	31  -  MemoryUsage of job (MB)
	31100  -  ResidentSetSize of job (KB)
...
005 (398.439.000) 02/11 12:34:25 Job terminated.
	(1) Normal termination (return value 1)
		Usr 0 00:00:31, Sys 0 00:00:21  -  Run Remote Usage
		Usr 0 00:00:00, Sys 0 00:00:00  -  Run Local Usage
		Usr 0 00:00:31, Sys 0 00:00:21  -  Total Remote Usage
		Usr 0 00:00:00, Sys 0 00:00:00  -  Total Local Usage
	0  -  Run Bytes Sent By Job
	0  -  Run Bytes Received By Job
	0  -  Total Bytes Sent By Job
	0  -  Total Bytes Received By Job
	Partitionable Resources :    Usage  Request Allocated 
	   Cpus                 :        0        1         1 
	   Disk (KB)            :        1        1    286452 
	   Memory (MB)          :       31        1       128 
...
