000 (398.095.000) 02/11 09:45:04 Job submitted from host: <10.0.8.10:9618?addrs=10.0.8.10-9618&noUDP&sock=3696752_f7c3_3>
...
001 (398.095.000) 02/11 10:18:13 Job executing on host: <10.0.9.4:9618?addrs=10.0.9.4-9618&noUDP&sock=1035_809c_3>
...
006 (398.095.000) 02/11 10:18:22 Image size of job updated: 28636
	28  -  MemoryUsage of job (MB)
	28636  -  ResidentSetSize of job (KB)
...
006 (398.095.000) 02/11 10:23:22 Image size of job updated: 28704
	29  -  MemoryUsage of job (MB)
	28704  -  ResidentSetSize of job (KB)
...
006 (398.095.000) 02/11 10:47:49 Image size of job updated: 1074123844
	29  -  MemoryUsage of job (MB)
	28704  -  ResidentSetSize of job (KB)
...
005 (398.095.000) 02/11 10:47:49 Job terminated.
	(1) Normal termination (return value 128)
		Usr 0 00:01:46, Sys 0 00:00:36  -  Run Remote Usage
		Usr 0 00:00:00, Sys 0 00:00:00  -  Run Local Usage
		Usr 0 00:01:46, Sys 0 00:00:36  -  Total Remote Usage
		Usr 0 00:00:00, Sys 0 00:00:00  -  Total Local Usage
	0  -  Run Bytes Sent By Job
	0  -  Run Bytes Received By Job
	0  -  Total Bytes Sent By Job
	0  -  Total Bytes Received By Job
	Partitionable Resources :    Usage  Request Allocated 
	   Cpus                 :     0.12        1         1 
	   Disk (KB)            :     1           1  19622548 
	   Memory (MB)          :    29           1      6000 
...
