000 (398.098.000) 02/11 09:45:04 Job submitted from host: <10.0.8.10:9618?addrs=10.0.8.10-9618&noUDP&sock=3696752_f7c3_3>
...
001 (398.098.000) 02/11 10:18:14 Job executing on host: <10.0.9.4:9618?addrs=10.0.9.4-9618&noUDP&sock=1035_809c_3>
...
006 (398.098.000) 02/11 10:18:22 Image size of job updated: 28044
	28  -  MemoryUsage of job (MB)
	28044  -  ResidentSetSize of job (KB)
...
006 (398.098.000) 02/11 10:23:22 Image size of job updated: 28172
	28  -  MemoryUsage of job (MB)
	28172  -  ResidentSetSize of job (KB)
...
006 (398.098.000) 02/11 10:48:24 Image size of job updated: 1074123844
	30  -  MemoryUsage of job (MB)
	30276  -  ResidentSetSize of job (KB)
...
006 (398.098.000) 02/11 10:53:25 Image size of job updated: 1074145972
	31  -  MemoryUsage of job (MB)
	30992  -  ResidentSetSize of job (KB)
...
005 (398.098.000) 02/11 10:58:08 Job terminated.
	(1) Normal termination (return value 1)
		Usr 0 00:02:04, Sys 0 00:00:40  -  Run Remote Usage
		Usr 0 00:00:00, Sys 0 00:00:00  -  Run Local Usage
		Usr 0 00:02:04, Sys 0 00:00:40  -  Total Remote Usage
		Usr 0 00:00:00, Sys 0 00:00:00  -  Total Local Usage
	0  -  Run Bytes Sent By Job
	0  -  Run Bytes Received By Job
	0  -  Total Bytes Sent By Job
	0  -  Total Bytes Received By Job
	Partitionable Resources :    Usage  Request Allocated 
	   Cpus                 :     0.00        1         1 
	   Disk (KB)            :     1           1  19622548 
	   Memory (MB)          :    31           1      6000 
...
