000 (398.045.000) 02/11 09:45:04 Job submitted from host: <10.0.8.10:9618?addrs=10.0.8.10-9618&noUDP&sock=3696752_f7c3_3>
...
001 (398.045.000) 02/11 09:45:15 Job executing on host: <10.0.9.1:9618?addrs=10.0.9.1-9618&noUDP&sock=1544_a251_3>
...
006 (398.045.000) 02/11 09:45:24 Image size of job updated: 28692
	29  -  MemoryUsage of job (MB)
	28692  -  ResidentSetSize of job (KB)
...
006 (398.045.000) 02/11 09:50:25 Image size of job updated: 28748
	29  -  MemoryUsage of job (MB)
	28748  -  ResidentSetSize of job (KB)
...
006 (398.045.000) 02/11 09:53:15 Image size of job updated: 1074123876
	29  -  MemoryUsage of job (MB)
	28748  -  ResidentSetSize of job (KB)
...
005 (398.045.000) 02/11 09:53:15 Job terminated.
	(1) Normal termination (return value 0)
		Usr 0 00:00:36, Sys 0 00:00:25  -  Run Remote Usage
		Usr 0 00:00:00, Sys 0 00:00:00  -  Run Local Usage
		Usr 0 00:00:36, Sys 0 00:00:25  -  Total Remote Usage
		Usr 0 00:00:00, Sys 0 00:00:00  -  Total Local Usage
	0  -  Run Bytes Sent By Job
	0  -  Run Bytes Received By Job
	0  -  Total Bytes Sent By Job
	0  -  Total Bytes Received By Job
	Partitionable Resources :    Usage  Request Allocated 
	   Cpus                 :     0.04        1         1 
	   Disk (KB)            :     1           1    286452 
	   Memory (MB)          :    29           1       128 
...
