000 (398.297.000) 02/11 09:45:05 Job submitted from host: <10.0.8.10:9618?addrs=10.0.8.10-9618&noUDP&sock=3696752_f7c3_3>
...
001 (398.297.000) 02/11 11:29:20 Job executing on host: <10.0.9.4:9618?addrs=10.0.9.4-9618&noUDP&sock=1035_809c_3>
...
006 (398.297.000) 02/11 11:29:28 Image size of job updated: 4092
	4  -  MemoryUsage of job (MB)
	3960  -  ResidentSetSize of job (KB)
...
006 (398.297.000) 02/11 11:34:28 Image size of job updated: 28316
	28  -  MemoryUsage of job (MB)
	28184  -  ResidentSetSize of job (KB)
...
006 (398.297.000) 02/11 11:49:29 Image size of job updated: 1074123844
	32  -  MemoryUsage of job (MB)
	32456  -  ResidentSetSize of job (KB)
...
006 (398.297.000) 02/11 11:51:10 Image size of job updated: 1074202784
	32  -  MemoryUsage of job (MB)
	32456  -  ResidentSetSize of job (KB)
...
005 (398.297.000) 02/11 11:51:10 Job terminated.
	(1) Normal termination (return value 0)
		Usr 0 00:01:36, Sys 0 00:00:30  -  Run Remote Usage
		Usr 0 00:00:00, Sys 0 00:00:00  -  Run Local Usage
		Usr 0 00:01:36, Sys 0 00:00:30  -  Total Remote Usage
		Usr 0 00:00:00, Sys 0 00:00:00  -  Total Local Usage
	0  -  Run Bytes Sent By Job
	0  -  Run Bytes Received By Job
	0  -  Total Bytes Sent By Job
	0  -  Total Bytes Received By Job
	Partitionable Resources :    Usage  Request Allocated 
	   Cpus                 :     0.19        1         1 
	   Disk (KB)            :     1           1  19622548 
	   Memory (MB)          :    32           1      6000 
...
