000 (398.075.000) 02/11 09:45:04 Job submitted from host: <10.0.8.10:9618?addrs=10.0.8.10-9618&noUDP&sock=3696752_f7c3_3>
...
001 (398.075.000) 02/11 10:04:40 Job executing on host: <10.0.9.3:9618?addrs=10.0.9.3-9618&noUDP&sock=1064_64db_3>
...
006 (398.075.000) 02/11 10:04:49 Image size of job updated: 6996
	7  -  MemoryUsage of job (MB)
	6996  -  ResidentSetSize of job (KB)
...
006 (398.075.000) 02/11 10:09:50 Image size of job updated: 28192
	28  -  MemoryUsage of job (MB)
	28192  -  ResidentSetSize of job (KB)
...
006 (398.075.000) 02/11 10:24:51 Image size of job updated: 28588
	28  -  MemoryUsage of job (MB)
	28192  -  ResidentSetSize of job (KB)
...
006 (398.075.000) 02/11 10:29:53 Image size of job updated: 28720
	28  -  MemoryUsage of job (MB)
	28192  -  ResidentSetSize of job (KB)
...
006 (398.075.000) 02/11 10:33:45 Image size of job updated: 1074123844
	28  -  MemoryUsage of job (MB)
	28192  -  ResidentSetSize of job (KB)
...
005 (398.075.000) 02/11 10:33:45 Job terminated.
	(1) Normal termination (return value 0)
		Usr 0 00:02:17, Sys 0 00:00:40  -  Run Remote Usage
		Usr 0 00:00:00, Sys 0 00:00:00  -  Run Local Usage
		Usr 0 00:02:17, Sys 0 00:00:40  -  Total Remote Usage
		Usr 0 00:00:00, Sys 0 00:00:00  -  Total Local Usage
	0  -  Run Bytes Sent By Job
	0  -  Run Bytes Received By Job
	0  -  Total Bytes Sent By Job
	0  -  Total Bytes Received By Job
	Partitionable Resources :    Usage  Request Allocated 
	   Cpus                 :     0.18        1         1 
	   Disk (KB)            :     1           1  19623598 
	   Memory (MB)          :    28           1      6000 
...
