000 (398.453.000) 02/11 09:45:05 Job submitted from host: <10.0.8.10:9618?addrs=10.0.8.10-9618&noUDP&sock=3696752_f7c3_3>
...
001 (398.453.000) 02/11 12:39:50 Job executing on host: <10.0.9.3:9618?addrs=10.0.9.3-9618&noUDP&sock=1064_64db_3>
...
006 (398.453.000) 02/11 12:39:58 Image size of job updated: 28680
	29  -  MemoryUsage of job (MB)
	28680  -  ResidentSetSize of job (KB)
...
006 (398.453.000) 02/11 13:00:00 Image size of job updated: 28700
	29  -  MemoryUsage of job (MB)
	28700  -  ResidentSetSize of job (KB)
...
006 (398.453.000) 02/11 13:05:00 Image size of job updated: 1074123844
	30  -  MemoryUsage of job (MB)
	30360  -  ResidentSetSize of job (KB)
...
005 (398.453.000) 02/11 13:05:05 Job terminated.
	(1) Normal termination (return value 128)
		Usr 0 00:01:42, Sys 0 00:00:32  -  Run Remote Usage
		Usr 0 00:00:00, Sys 0 00:00:00  -  Run Local Usage
		Usr 0 00:01:42, Sys 0 00:00:32  -  Total Remote Usage
		Usr 0 00:00:00, Sys 0 00:00:00  -  Total Local Usage
	0  -  Run Bytes Sent By Job
	0  -  Run Bytes Received By Job
	0  -  Total Bytes Sent By Job
	0  -  Total Bytes Received By Job
	Partitionable Resources :    Usage  Request Allocated 
	   Cpus                 :     0.13        1         1 
	   Disk (KB)            :     1           1  19623598 
	   Memory (MB)          :    30           1      6000 
...
