000 (398.419.000) 02/11 09:45:05 Job submitted from host: <10.0.8.10:9618?addrs=10.0.8.10-9618&noUDP&sock=3696752_f7c3_3>
...
001 (398.419.000) 02/11 12:11:45 Job executing on host: <10.0.9.1:9618?addrs=10.0.9.1-9618&noUDP&sock=1544_a251_3>
...
006 (398.419.000) 02/11 12:11:54 Image size of job updated: 28860
	29  -  MemoryUsage of job (MB)
	28860  -  ResidentSetSize of job (KB)
...
006 (398.419.000) 02/11 12:16:55 Image size of job updated: 28936
	29  -  MemoryUsage of job (MB)
	28936  -  ResidentSetSize of job (KB)
...
006 (398.419.000) 02/11 12:21:55 Image size of job updated: 1074123844
	32  -  MemoryUsage of job (MB)
	32444  -  ResidentSetSize of job (KB)
...
006 (398.419.000) 02/11 12:23:13 Image size of job updated: 1074213884
	32  -  MemoryUsage of job (MB)
	32444  -  ResidentSetSize of job (KB)
...
005 (398.419.000) 02/11 12:23:13 Job terminated.
	(1) Normal termination (return value 0)
		Usr 0 00:00:43, Sys 0 00:00:31  -  Run Remote Usage
		Usr 0 00:00:00, Sys 0 00:00:00  -  Run Local Usage
		Usr 0 00:00:43, Sys 0 00:00:31  -  Total Remote Usage
		Usr 0 00:00:00, Sys 0 00:00:00  -  Total Local Usage
	0  -  Run Bytes Sent By Job
	0  -  Run Bytes Received By Job
	0  -  Total Bytes Sent By Job
	0  -  Total Bytes Received By Job
	Partitionable Resources :    Usage  Request Allocated 
	   Cpus                 :     0.01        1         1 
	   Disk (KB)            :     1           1    286452 
	   Memory (MB)          :    32           1       128 
...
