000 (398.147.000) 02/11 09:45:04 Job submitted from host: <10.0.8.10:9618?addrs=10.0.8.10-9618&noUDP&sock=3696752_f7c3_3>
...
001 (398.147.000) 02/11 10:31:17 Job executing on host: <10.0.9.1:9618?addrs=10.0.9.1-9618&noUDP&sock=1544_a251_3>
...
006 (398.147.000) 02/11 10:31:25 Image size of job updated: 28976
	29  -  MemoryUsage of job (MB)
	28844  -  ResidentSetSize of job (KB)
...
006 (398.147.000) 02/11 10:36:25 Image size of job updated: 29032
	29  -  MemoryUsage of job (MB)
	28900  -  ResidentSetSize of job (KB)
...
006 (398.147.000) 02/11 10:46:26 Image size of job updated: 1074123844
	32  -  MemoryUsage of job (MB)
	31984  -  ResidentSetSize of job (KB)
...
006 (398.147.000) 02/11 10:47:48 Image size of job updated: 1074145972
	32  -  MemoryUsage of job (MB)
	31984  -  ResidentSetSize of job (KB)
...
005 (398.147.000) 02/11 10:47:48 Job terminated.
	(1) Normal termination (return value 1)
		Usr 0 00:00:53, Sys 0 00:00:38  -  Run Remote Usage
		Usr 0 00:00:00, Sys 0 00:00:00  -  Run Local Usage
		Usr 0 00:00:53, Sys 0 00:00:38  -  Total Remote Usage
		Usr 0 00:00:00, Sys 0 00:00:00  -  Total Local Usage
	0  -  Run Bytes Sent By Job
	0  -  Run Bytes Received By Job
	0  -  Total Bytes Sent By Job
	0  -  Total Bytes Received By Job
	Partitionable Resources :    Usage  Request Allocated 
	   Cpus                 :     0.07        1         1 
	   Disk (KB)            :     1           1    286452 
	   Memory (MB)          :    32           1       128 
...
