000 (398.303.000) 02/11 09:45:05 Job submitted from host: <10.0.8.10:9618?addrs=10.0.8.10-9618&noUDP&sock=3696752_f7c3_3>
...
001 (398.303.000) 02/11 11:30:24 Job executing on host: <10.0.9.3:9618?addrs=10.0.9.3-9618&noUDP&sock=1064_64db_3>
...
006 (398.303.000) 02/11 11:30:33 Image size of job updated: 3828
	4  -  MemoryUsage of job (MB)
	3828  -  ResidentSetSize of job (KB)
...
006 (398.303.000) 02/11 11:35:33 Image size of job updated: 28128
	28  -  MemoryUsage of job (MB)
	28128  -  ResidentSetSize of job (KB)
...
006 (398.303.000) 02/11 11:40:34 Image size of job updated: 28140
	28  -  MemoryUsage of job (MB)
	28140  -  ResidentSetSize of job (KB)
...
006 (398.303.000) 02/11 12:00:36 Image size of job updated: 1074145972
	31  -  MemoryUsage of job (MB)
	31444  -  ResidentSetSize of job (KB)
...
006 (398.303.000) 02/11 12:02:45 Image size of job updated: 1074202784
	31  -  MemoryUsage of job (MB)
	31444  -  ResidentSetSize of job (KB)
...
005 (398.303.000) 02/11 12:02:45 Job terminated.
	(1) Normal termination (return value 0)
		Usr 0 00:02:06, Sys 0 00:00:37  -  Run Remote Usage
		Usr 0 00:00:00, Sys 0 00:00:00  -  Run Local Usage
		Usr 0 00:02:06, Sys 0 00:00:37  -  Total Remote Usage
		Usr 0 00:00:00, Sys 0 00:00:00  -  Total Local Usage
	0  -  Run Bytes Sent By Job
	0  -  Run Bytes Received By Job
	0  -  Total Bytes Sent By Job
	0  -  Total Bytes Received By Job
	Partitionable Resources :    Usage  Request Allocated 
	   Cpus                 :     0.00        1         1 
	   Disk (KB)            :     1           1  19623598 
	   Memory (MB)          :    31           1      6000 
...
