000 (398.233.000) 02/11 09:45:05 Job submitted from host: <10.0.8.10:9618?addrs=10.0.8.10-9618&noUDP&sock=3696752_f7c3_3>
...
001 (398.233.000) 02/11 11:03:26 Job executing on host: <10.0.9.3:9618?addrs=10.0.9.3-9618&noUDP&sock=1064_64db_3>
...
006 (398.233.000) 02/11 11:03:35 Image size of job updated: 28464
	28  -  MemoryUsage of job (MB)
	28464  -  ResidentSetSize of job (KB)
...
006 (398.233.000) 02/11 11:13:37 Image size of job updated: 28516
	28  -  MemoryUsage of job (MB)
	28516  -  ResidentSetSize of job (KB)
...
006 (398.233.000) 02/11 11:33:38 Image size of job updated: 1074145972
	31  -  MemoryUsage of job (MB)
	31112  -  ResidentSetSize of job (KB)
...
006 (398.233.000) 02/11 11:35:43 Image size of job updated: 1074202784
	31  -  MemoryUsage of job (MB)
	31112  -  ResidentSetSize of job (KB)
...
005 (398.233.000) 02/11 11:35:43 Job terminated.
	(1) Normal termination (return value 0)
		Usr 0 00:02:06, Sys 0 00:00:38  -  Run Remote Usage
		Usr 0 00:00:00, Sys 0 00:00:00  -  Run Local Usage
		Usr 0 00:02:06, Sys 0 00:00:38  -  Total Remote Usage
		Usr 0 00:00:00, Sys 0 00:00:00  -  Total Local Usage
	0  -  Run Bytes Sent By Job
	0  -  Run Bytes Received By Job
	0  -  Total Bytes Sent By Job
	0  -  Total Bytes Received By Job
	Partitionable Resources :    Usage  Request Allocated 
	   Cpus                 :        0        1         1 
	   Disk (KB)            :        1        1  19623598 
	   Memory (MB)          :       31        1      6000 
...
