000 (398.273.000) 02/11 09:45:05 Job submitted from host: <10.0.8.10:9618?addrs=10.0.8.10-9618&noUDP&sock=3696752_f7c3_3>
...
001 (398.273.000) 02/11 11:17:34 Job executing on host: <10.0.9.1:9618?addrs=10.0.9.1-9618&noUDP&sock=1544_a251_3>
...
006 (398.273.000) 02/11 11:17:42 Image size of job updated: 28744
	29  -  MemoryUsage of job (MB)
	28744  -  ResidentSetSize of job (KB)
...
006 (398.273.000) 02/11 11:22:42 Image size of job updated: 28748
	29  -  MemoryUsage of job (MB)
	28748  -  ResidentSetSize of job (KB)
...
006 (398.273.000) 02/11 11:29:12 Image size of job updated: 1074179164
	29  -  MemoryUsage of job (MB)
	28748  -  ResidentSetSize of job (KB)
...
005 (398.273.000) 02/11 11:29:12 Job terminated.
	(1) Normal termination (return value 128)
		Usr 0 00:00:46, Sys 0 00:00:33  -  Run Remote Usage
		Usr 0 00:00:00, Sys 0 00:00:00  -  Run Local Usage
		Usr 0 00:00:46, Sys 0 00:00:33  -  Total Remote Usage
		Usr 0 00:00:00, Sys 0 00:00:00  -  Total Local Usage
	0  -  Run Bytes Sent By Job
	0  -  Run Bytes Received By Job
	0  -  Total Bytes Sent By Job
	0  -  Total Bytes Received By Job
	Partitionable Resources :    Usage  Request Allocated 
	   Cpus                 :        0        1         1 
	   Disk (KB)            :        1        1    286452 
	   Memory (MB)          :       29        1       128 
...
