000 (398.401.000) 02/11 09:45:05 Job submitted from host: <10.0.8.10:9618?addrs=10.0.8.10-9618&noUDP&sock=3696752_f7c3_3>
...
001 (398.401.000) 02/11 12:06:59 Job executing on host: <10.0.9.1:9618?addrs=10.0.9.1-9618&noUDP&sock=1544_a251_3>
...
006 (398.401.000) 02/11 12:07:07 Image size of job updated: 28592
	28  -  MemoryUsage of job (MB)
	28592  -  ResidentSetSize of job (KB)
...
006 (398.401.000) 02/11 12:12:07 Image size of job updated: 28656
	28  -  MemoryUsage of job (MB)
	28656  -  ResidentSetSize of job (KB)
...
006 (398.401.000) 02/11 12:17:08 Image size of job updated: 1074123844
	31  -  MemoryUsage of job (MB)
	30796  -  ResidentSetSize of job (KB)
...
006 (398.401.000) 02/11 12:17:22 Image size of job updated: 1074134908
	31  -  MemoryUsage of job (MB)
	30796  -  ResidentSetSize of job (KB)
...
005 (398.401.000) 02/11 12:17:22 Job terminated.
	(1) Normal termination (return value 0)
		Usr 0 00:00:44, Sys 0 00:00:32  -  Run Remote Usage
		Usr 0 00:00:00, Sys 0 00:00:00  -  Run Local Usage
		Usr 0 00:00:44, Sys 0 00:00:32  -  Total Remote Usage
		Usr 0 00:00:00, Sys 0 00:00:00  -  Total Local Usage
	0  -  Run Bytes Sent By Job
	0  -  Run Bytes Received By Job
	0  -  Total Bytes Sent By Job
	0  -  Total Bytes Received By Job
	Partitionable Resources :    Usage  Request Allocated 
	   Cpus                 :     0.11        1         1 
	   Disk (KB)            :     1           1    286452 
	   Memory (MB)          :    31           1       128 
...
