000 (398.074.000) 02/11 09:45:04 Job submitted from host: <10.0.8.10:9618?addrs=10.0.8.10-9618&noUDP&sock=3696752_f7c3_3>
...
001 (398.074.000) 02/11 10:03:23 Job executing on host: <10.0.9.3:9618?addrs=10.0.9.3-9618&noUDP&sock=1064_64db_3>
...
006 (398.074.000) 02/11 10:03:32 Image size of job updated: 7884
	8  -  MemoryUsage of job (MB)
	7620  -  ResidentSetSize of job (KB)
...
006 (398.074.000) 02/11 10:08:33 Image size of job updated: 28576
	28  -  MemoryUsage of job (MB)
	28312  -  ResidentSetSize of job (KB)
...
006 (398.074.000) 02/11 10:23:34 Image size of job updated: 28708
	28  -  MemoryUsage of job (MB)
	28312  -  ResidentSetSize of job (KB)
...
006 (398.074.000) 02/11 10:27:39 Image size of job updated: 1074123844
	28  -  MemoryUsage of job (MB)
	28312  -  ResidentSetSize of job (KB)
...
005 (398.074.000) 02/11 10:27:39 Job terminated.
	(1) Normal termination (return value 0)
		Usr 0 00:02:14, Sys 0 00:00:40  -  Run Remote Usage
		Usr 0 00:00:00, Sys 0 00:00:00  -  Run Local Usage
		Usr 0 00:02:14, Sys 0 00:00:40  -  Total Remote Usage
		Usr 0 00:00:00, Sys 0 00:00:00  -  Total Local Usage
	0  -  Run Bytes Sent By Job
	0  -  Run Bytes Received By Job
	0  -  Total Bytes Sent By Job
	0  -  Total Bytes Received By Job
	Partitionable Resources :    Usage  Request Allocated 
	   Cpus                 :     0.18        1         1 
	   Disk (KB)            :     1           1  19623598 
	   Memory (MB)          :    28           1      6000 
...
