000 (398.473.000) 02/11 09:45:05 Job submitted from host: <10.0.8.10:9618?addrs=10.0.8.10-9618&noUDP&sock=3696752_f7c3_3>
...
001 (398.473.000) 02/11 12:39:51 Job executing on host: <10.0.9.1:9618?addrs=10.0.9.1-9618&noUDP&sock=1544_a251_3>
...
006 (398.473.000) 02/11 12:39:59 Image size of job updated: 29140
	29  -  MemoryUsage of job (MB)
	29140  -  ResidentSetSize of job (KB)
...
006 (398.473.000) 02/11 12:44:59 Image size of job updated: 29208
	29  -  MemoryUsage of job (MB)
	29208  -  ResidentSetSize of job (KB)
...
006 (398.473.000) 02/11 12:50:00 Image size of job updated: 31916
	32  -  MemoryUsage of job (MB)
	31916  -  ResidentSetSize of job (KB)
...
006 (398.473.000) 02/11 12:50:29 Image size of job updated: 1074123844
	32  -  MemoryUsage of job (MB)
	31916  -  ResidentSetSize of job (KB)
...
005 (398.473.000) 02/11 12:50:29 Job terminated.
	(1) Normal termination (return value 128)
		Usr 0 00:00:50, Sys 0 00:00:38  -  Run Remote Usage
		Usr 0 00:00:00, Sys 0 00:00:00  -  Run Local Usage
		Usr 0 00:00:50, Sys 0 00:00:38  -  Total Remote Usage
		Usr 0 00:00:00, Sys 0 00:00:00  -  Total Local Usage
	0  -  Run Bytes Sent By Job
	0  -  Run Bytes Received By Job
	0  -  Total Bytes Sent By Job
	0  -  Total Bytes Received By Job
	Partitionable Resources :    Usage  Request Allocated 
	   Cpus                 :     0.08        1         1 
	   Disk (KB)            :     1           1    286452 
	   Memory (MB)          :    32           1       128 
...
