000 (398.134.000) 02/11 09:45:04 Job submitted from host: <10.0.8.10:9618?addrs=10.0.8.10-9618&noUDP&sock=3696752_f7c3_3>
...
001 (398.134.000) 02/11 10:24:14 Job executing on host: <10.0.9.3:9618?addrs=10.0.9.3-9618&noUDP&sock=1064_64db_3>
...
006 (398.134.000) 02/11 10:24:22 Image size of job updated: 28724
	28  -  MemoryUsage of job (MB)
	28592  -  ResidentSetSize of job (KB)
...
006 (398.134.000) 02/11 10:54:24 Image size of job updated: 1074123844
	31  -  MemoryUsage of job (MB)
	30904  -  ResidentSetSize of job (KB)
...
006 (398.134.000) 02/11 10:56:30 Image size of job updated: 1074190476
	31  -  MemoryUsage of job (MB)
	30904  -  ResidentSetSize of job (KB)
...
005 (398.134.000) 02/11 10:56:30 Job terminated.
	(1) Normal termination (return value 128)
		Usr 0 00:01:48, Sys 0 00:00:33  -  Run Remote Usage
		Usr 0 00:00:00, Sys 0 00:00:00  -  Run Local Usage
		Usr 0 00:01:48, Sys 0 00:00:33  -  Total Remote Usage
		Usr 0 00:00:00, Sys 0 00:00:00  -  Total Local Usage
	0  -  Run Bytes Sent By Job
	0  -  Run Bytes Received By Job
	0  -  Total Bytes Sent By Job
	0  -  Total Bytes Received By Job
	Partitionable Resources :    Usage  Request Allocated 
	   Cpus                 :     0.00        1         1 
	   Disk (KB)            :     1           1  19623598 
	   Memory (MB)          :    31           1      6000 
...
