000 (398.315.000) 02/11 09:45:05 Job submitted from host: <10.0.8.10:9618?addrs=10.0.8.10-9618&noUDP&sock=3696752_f7c3_3>
...
001 (398.315.000) 02/11 11:34:15 Job executing on host: <10.0.9.4:9618?addrs=10.0.9.4-9618&noUDP&sock=1035_809c_3>
...
006 (398.315.000) 02/11 11:34:24 Image size of job updated: 28392
	28  -  MemoryUsage of job (MB)
	28392  -  ResidentSetSize of job (KB)
...
006 (398.315.000) 02/11 11:39:25 Image size of job updated: 28524
	28  -  MemoryUsage of job (MB)
	28524  -  ResidentSetSize of job (KB)
...
006 (398.315.000) 02/11 11:59:27 Image size of job updated: 1074123844
	34  -  MemoryUsage of job (MB)
	34284  -  ResidentSetSize of job (KB)
...
005 (398.315.000) 02/11 12:00:43 Job terminated.
	(1) Normal termination (return value 1)
		Usr 0 00:02:00, Sys 0 00:00:36  -  Run Remote Usage
		Usr 0 00:00:00, Sys 0 00:00:00  -  Run Local Usage
		Usr 0 00:02:00, Sys 0 00:00:36  -  Total Remote Usage
		Usr 0 00:00:00, Sys 0 00:00:00  -  Total Local Usage
	0  -  Run Bytes Sent By Job
	0  -  Run Bytes Received By Job
	0  -  Total Bytes Sent By Job
	0  -  Total Bytes Received By Job
	Partitionable Resources :    Usage  Request Allocated 
	   Cpus                 :     0.08        1         1 
	   Disk (KB)            :     1           1  19622548 
	   Memory (MB)          :    34           1      6000 
...
