000 (398.319.000) 02/11 09:45:05 Job submitted from host: <10.0.8.10:9618?addrs=10.0.8.10-9618&noUDP&sock=3696752_f7c3_3>
...
001 (398.319.000) 02/11 11:34:15 Job executing on host: <10.0.9.4:9618?addrs=10.0.9.4-9618&noUDP&sock=1035_809c_3>
...
006 (398.319.000) 02/11 11:34:24 Image size of job updated: 28324
	28  -  MemoryUsage of job (MB)
	28324  -  ResidentSetSize of job (KB)
...
006 (398.319.000) 02/11 11:39:25 Image size of job updated: 28452
	28  -  MemoryUsage of job (MB)
	28452  -  ResidentSetSize of job (KB)
...
006 (398.319.000) 02/11 11:59:27 Image size of job updated: 1074123844
	31  -  MemoryUsage of job (MB)
	31228  -  ResidentSetSize of job (KB)
...
006 (398.319.000) 02/11 12:00:43 Image size of job updated: 1074145972
	31  -  MemoryUsage of job (MB)
	31228  -  ResidentSetSize of job (KB)
...
005 (398.319.000) 02/11 12:00:43 Job terminated.
	(1) Normal termination (return value 1)
		Usr 0 00:01:43, Sys 0 00:00:31  -  Run Remote Usage
		Usr 0 00:00:00, Sys 0 00:00:00  -  Run Local Usage
		Usr 0 00:01:43, Sys 0 00:00:31  -  Total Remote Usage
		Usr 0 00:00:00, Sys 0 00:00:00  -  Total Local Usage
	0  -  Run Bytes Sent By Job
	0  -  Run Bytes Received By Job
	0  -  Total Bytes Sent By Job
	0  -  Total Bytes Received By Job
	Partitionable Resources :    Usage  Request Allocated 
	   Cpus                 :     0.07        1         1 
	   Disk (KB)            :     1           1  19622548 
	   Memory (MB)          :    31           1      6000 
...
