000 (398.388.000) 02/11 09:45:05 Job submitted from host: <10.0.8.10:9618?addrs=10.0.8.10-9618&noUDP&sock=3696752_f7c3_3>
...
001 (398.388.000) 02/11 12:02:03 Job executing on host: <10.0.9.3:9618?addrs=10.0.9.3-9618&noUDP&sock=1064_64db_3>
...
006 (398.388.000) 02/11 12:02:12 Image size of job updated: 6204
	7  -  MemoryUsage of job (MB)
	6204  -  ResidentSetSize of job (KB)
...
006 (398.388.000) 02/11 12:07:13 Image size of job updated: 27980
	28  -  MemoryUsage of job (MB)
	27980  -  ResidentSetSize of job (KB)
...
006 (398.388.000) 02/11 12:12:13 Image size of job updated: 28512
	28  -  MemoryUsage of job (MB)
	28116  -  ResidentSetSize of job (KB)
...
006 (398.388.000) 02/11 12:22:14 Image size of job updated: 28776
	28  -  MemoryUsage of job (MB)
	28116  -  ResidentSetSize of job (KB)
...
006 (398.388.000) 02/11 12:27:15 Image size of job updated: 1074225272
	43  -  MemoryUsage of job (MB)
	43072  -  ResidentSetSize of job (KB)
...
005 (398.388.000) 02/11 12:28:02 Job terminated.
	(1) Normal termination (return value 0)
		Usr 0 00:01:38, Sys 0 00:00:31  -  Run Remote Usage
		Usr 0 00:00:00, Sys 0 00:00:00  -  Run Local Usage
		Usr 0 00:01:38, Sys 0 00:00:31  -  Total Remote Usage
		Usr 0 00:00:00, Sys 0 00:00:00  -  Total Local Usage
	0  -  Run Bytes Sent By Job
	0  -  Run Bytes Received By Job
	0  -  Total Bytes Sent By Job
	0  -  Total Bytes Received By Job
	Partitionable Resources :    Usage  Request Allocated 
	   Cpus                 :     0.03        1         1 
	   Disk (KB)            :     1           1  19623598 
	   Memory (MB)          :    43           1      6000 
...
