000 (398.006.000) 02/11 09:45:04 Job submitted from host: <10.0.8.10:9618?addrs=10.0.8.10-9618&noUDP&sock=3696752_f7c3_3>
...
001 (398.006.000) 02/11 09:45:13 Job executing on host: <10.0.9.3:9618?addrs=10.0.9.3-9618&noUDP&sock=1064_64db_3>
...
006 (398.006.000) 02/11 09:45:22 Image size of job updated: 28984
	29  -  MemoryUsage of job (MB)
	28984  -  ResidentSetSize of job (KB)
...
006 (398.006.000) 02/11 10:05:25 Image size of job updated: 1074123844
	31  -  MemoryUsage of job (MB)
	30764  -  ResidentSetSize of job (KB)
...
006 (398.006.000) 02/11 10:10:25 Image size of job updated: 1074168100
	31  -  MemoryUsage of job (MB)
	31664  -  ResidentSetSize of job (KB)
...
006 (398.006.000) 02/11 10:19:21 Image size of job updated: 1074225112
	31  -  MemoryUsage of job (MB)
	31664  -  ResidentSetSize of job (KB)
...
005 (398.006.000) 02/11 10:19:21 Job terminated.
	(1) Normal termination (return value 0)
		Usr 0 00:01:51, Sys 0 00:00:32  -  Run Remote Usage
		Usr 0 00:00:00, Sys 0 00:00:00  -  Run Local Usage
		Usr 0 00:01:51, Sys 0 00:00:32  -  Total Remote Usage
		Usr 0 00:00:00, Sys 0 00:00:00  -  Total Local Usage
	0  -  Run Bytes Sent By Job
	0  -  Run Bytes Received By Job
	0  -  Total Bytes Sent By Job
	0  -  Total Bytes Received By Job
	Partitionable Resources :    Usage  Request Allocated 
	   Cpus                 :     0.00        1         1 
	   Disk (KB)            :     1           1  19623598 
	   Memory (MB)          :    31           1      6000 
...
