000 (398.049.000) 02/11 09:45:04 Job submitted from host: <10.0.8.10:9618?addrs=10.0.8.10-9618&noUDP&sock=3696752_f7c3_3>
...
001 (398.049.000) 02/11 09:52:10 Job executing on host: <10.0.9.1:9618?addrs=10.0.9.1-9618&noUDP&sock=1544_a251_3>
...
006 (398.049.000) 02/11 09:52:18 Image size of job updated: 28840
	29  -  MemoryUsage of job (MB)
	28840  -  ResidentSetSize of job (KB)
...
006 (398.049.000) 02/11 09:57:18 Image size of job updated: 28896
	29  -  MemoryUsage of job (MB)
	28896  -  ResidentSetSize of job (KB)
...
006 (398.049.000) 02/11 10:07:19 Image size of job updated: 1074168100
	32  -  MemoryUsage of job (MB)
	32272  -  ResidentSetSize of job (KB)
...
006 (398.049.000) 02/11 10:09:19 Image size of job updated: 1074190928
	32  -  MemoryUsage of job (MB)
	32272  -  ResidentSetSize of job (KB)
...
005 (398.049.000) 02/11 10:09:19 Job terminated.
	(1) Normal termination (return value 128)
		Usr 0 00:00:55, Sys 0 00:00:40  -  Run Remote Usage
		Usr 0 00:00:00, Sys 0 00:00:00  -  Run Local Usage
		Usr 0 00:00:55, Sys 0 00:00:40  -  Total Remote Usage
		Usr 0 00:00:00, Sys 0 00:00:00  -  Total Local Usage
	0  -  Run Bytes Sent By Job
	0  -  Run Bytes Received By Job
	0  -  Total Bytes Sent By Job
	0  -  Total Bytes Received By Job
	Partitionable Resources :    Usage  Request Allocated 
	   Cpus                 :     0.14        1         1 
	   Disk (KB)            :     1           1    286452 
	   Memory (MB)          :    32           1       128 
...
