000 (398.482.000) 02/11 09:45:05 Job submitted from host: <10.0.8.10:9618?addrs=10.0.8.10-9618&noUDP&sock=3696752_f7c3_3>
...
001 (398.482.000) 02/11 12:40:50 Job executing on host: <10.0.9.4:9618?addrs=10.0.9.4-9618&noUDP&sock=1035_809c_3>
...
006 (398.482.000) 02/11 12:40:58 Image size of job updated: 28292
	28  -  MemoryUsage of job (MB)
	28292  -  ResidentSetSize of job (KB)
...
006 (398.482.000) 02/11 12:50:59 Image size of job updated: 28324
	28  -  MemoryUsage of job (MB)
	28324  -  ResidentSetSize of job (KB)
...
006 (398.482.000) 02/11 13:06:00 Image size of job updated: 1074168100
	33  -  MemoryUsage of job (MB)
	33004  -  ResidentSetSize of job (KB)
...
006 (398.482.000) 02/11 13:07:24 Image size of job updated: 1074190600
	33  -  MemoryUsage of job (MB)
	33004  -  ResidentSetSize of job (KB)
...
005 (398.482.000) 02/11 13:07:24 Job terminated.
	(1) Normal termination (return value 128)
		Usr 0 00:01:55, Sys 0 00:00:37  -  Run Remote Usage
		Usr 0 00:00:00, Sys 0 00:00:00  -  Run Local Usage
		Usr 0 00:01:55, Sys 0 00:00:37  -  Total Remote Usage
		Usr 0 00:00:00, Sys 0 00:00:00  -  Total Local Usage
	0  -  Run Bytes Sent By Job
	0  -  Run Bytes Received By Job
	0  -  Total Bytes Sent By Job
	0  -  Total Bytes Received By Job
	Partitionable Resources :    Usage  Request Allocated 
	   Cpus                 :     0.22        1         1 
	   Disk (KB)            :     1           1  19622548 
	   Memory (MB)          :    33           1      6000 
...
