000 (398.434.000) 02/11 09:45:05 Job submitted from host: <10.0.8.10:9618?addrs=10.0.8.10-9618&noUDP&sock=3696752_f7c3_3>
...
001 (398.434.000) 02/11 12:18:09 Job executing on host: <10.0.9.1:9618?addrs=10.0.9.1-9618&noUDP&sock=1544_a251_3>
...
006 (398.434.000) 02/11 12:18:17 Image size of job updated: 28856
	29  -  MemoryUsage of job (MB)
	28856  -  ResidentSetSize of job (KB)
...
006 (398.434.000) 02/11 12:23:17 Image size of job updated: 29252
	29  -  MemoryUsage of job (MB)
	28856  -  ResidentSetSize of job (KB)
...
006 (398.434.000) 02/11 12:28:18 Image size of job updated: 1074179164
	32  -  MemoryUsage of job (MB)
	31792  -  ResidentSetSize of job (KB)
...
006 (398.434.000) 02/11 12:29:06 Image size of job updated: 1074190860
	32  -  MemoryUsage of job (MB)
	31792  -  ResidentSetSize of job (KB)
...
005 (398.434.000) 02/11 12:29:06 Job terminated.
	(1) Normal termination (return value 128)
		Usr 0 00:00:37, Sys 0 00:00:25  -  Run Remote Usage
		Usr 0 00:00:00, Sys 0 00:00:00  -  Run Local Usage
		Usr 0 00:00:37, Sys 0 00:00:25  -  Total Remote Usage
		Usr 0 00:00:00, Sys 0 00:00:00  -  Total Local Usage
	0  -  Run Bytes Sent By Job
	0  -  Run Bytes Received By Job
	0  -  Total Bytes Sent By Job
	0  -  Total Bytes Received By Job
	Partitionable Resources :    Usage  Request Allocated 
	   Cpus                 :     0.01        1         1 
	   Disk (KB)            :     1           1    286452 
	   Memory (MB)          :    32           1       128 
...
