000 (398.078.000) 02/11 09:45:04 Job submitted from host: <10.0.8.10:9618?addrs=10.0.8.10-9618&noUDP&sock=3696752_f7c3_3>
...
001 (398.078.000) 02/11 10:10:20 Job executing on host: <10.0.9.4:9618?addrs=10.0.9.4-9618&noUDP&sock=1035_809c_3>
...
006 (398.078.000) 02/11 10:10:29 Image size of job updated: 3960
	4  -  MemoryUsage of job (MB)
	3960  -  ResidentSetSize of job (KB)
...
006 (398.078.000) 02/11 10:15:30 Image size of job updated: 28520
	28  -  MemoryUsage of job (MB)
	28520  -  ResidentSetSize of job (KB)
...
006 (398.078.000) 02/11 10:35:33 Image size of job updated: 1074123844
	30  -  MemoryUsage of job (MB)
	30404  -  ResidentSetSize of job (KB)
...
005 (398.078.000) 02/11 10:36:17 Job terminated.
	(1) Normal termination (return value 0)
		Usr 0 00:02:13, Sys 0 00:00:38  -  Run Remote Usage
		Usr 0 00:00:00, Sys 0 00:00:00  -  Run Local Usage
		Usr 0 00:02:13, Sys 0 00:00:38  -  Total Remote Usage
		Usr 0 00:00:00, Sys 0 00:00:00  -  Total Local Usage
	0  -  Run Bytes Sent By Job
	0  -  Run Bytes Received By Job
	0  -  Total Bytes Sent By Job
	0  -  Total Bytes Received By Job
	Partitionable Resources :    Usage  Request Allocated 
	   Cpus                 :     0.18        1         1 
	   Disk (KB)            :     1           1  19622548 
	   Memory (MB)          :    30           1      6000 
...
