000 (398.073.000) 02/11 09:45:04 Job submitted from host: <10.0.8.10:9618?addrs=10.0.8.10-9618&noUDP&sock=3696752_f7c3_3>
...
001 (398.073.000) 02/11 10:01:43 Job executing on host: <10.0.9.1:9618?addrs=10.0.9.1-9618&noUDP&sock=1544_a251_3>
...
006 (398.073.000) 02/11 10:01:52 Image size of job updated: 29588
	29  -  MemoryUsage of job (MB)
	28928  -  ResidentSetSize of job (KB)
...
006 (398.073.000) 02/11 10:06:53 Image size of job updated: 30388
	29  -  MemoryUsage of job (MB)
	28936  -  ResidentSetSize of job (KB)
...
006 (398.073.000) 02/11 10:11:53 Image size of job updated: 30404
	29  -  MemoryUsage of job (MB)
	28952  -  ResidentSetSize of job (KB)
...
006 (398.073.000) 02/11 10:16:53 Image size of job updated: 1074145972
	32  -  MemoryUsage of job (MB)
	31936  -  ResidentSetSize of job (KB)
...
006 (398.073.000) 02/11 10:17:25 Image size of job updated: 1074179164
	32  -  MemoryUsage of job (MB)
	31936  -  ResidentSetSize of job (KB)
...
005 (398.073.000) 02/11 10:17:25 Job terminated.
	(1) Normal termination (return value 128)
		Usr 0 00:00:40, Sys 0 00:00:29  -  Run Remote Usage
		Usr 0 00:00:00, Sys 0 00:00:00  -  Run Local Usage
		Usr 0 00:00:40, Sys 0 00:00:29  -  Total Remote Usage
		Usr 0 00:00:00, Sys 0 00:00:00  -  Total Local Usage
	0  -  Run Bytes Sent By Job
	0  -  Run Bytes Received By Job
	0  -  Total Bytes Sent By Job
	0  -  Total Bytes Received By Job
	Partitionable Resources :    Usage  Request Allocated 
	   Cpus                 :     0.00        1         1 
	   Disk (KB)            :     1           1    286452 
	   Memory (MB)          :    32           1       128 
...
