000 (398.334.000) 02/11 09:45:05 Job submitted from host: <10.0.8.10:9618?addrs=10.0.8.10-9618&noUDP&sock=3696752_f7c3_3>
...
001 (398.334.000) 02/11 11:40:40 Job executing on host: <10.0.9.3:9618?addrs=10.0.9.3-9618&noUDP&sock=1064_64db_3>
...
006 (398.334.000) 02/11 11:40:48 Image size of job updated: 28860
	29  -  MemoryUsage of job (MB)
	28728  -  ResidentSetSize of job (KB)
...
006 (398.334.000) 02/11 11:45:48 Image size of job updated: 28952
	29  -  MemoryUsage of job (MB)
	28820  -  ResidentSetSize of job (KB)
...
006 (398.334.000) 02/11 12:05:50 Image size of job updated: 1074124508
	32  -  MemoryUsage of job (MB)
	32272  -  ResidentSetSize of job (KB)
...
006 (398.334.000) 02/11 12:07:26 Image size of job updated: 1074213848
	32  -  MemoryUsage of job (MB)
	32272  -  ResidentSetSize of job (KB)
...
005 (398.334.000) 02/11 12:07:26 Job terminated.
	(1) Normal termination (return value 0)
		Usr 0 00:02:06, Sys 0 00:00:37  -  Run Remote Usage
		Usr 0 00:00:00, Sys 0 00:00:00  -  Run Local Usage
		Usr 0 00:02:06, Sys 0 00:00:37  -  Total Remote Usage
		Usr 0 00:00:00, Sys 0 00:00:00  -  Total Local Usage
	0  -  Run Bytes Sent By Job
	0  -  Run Bytes Received By Job
	0  -  Total Bytes Sent By Job
	0  -  Total Bytes Received By Job
	Partitionable Resources :    Usage  Request Allocated 
	   Cpus                 :        0        1         1 
	   Disk (KB)            :        1        1  19623598 
	   Memory (MB)          :       32        1      6000 
...
