000 (398.391.000) 02/11 09:45:05 Job submitted from host: <10.0.8.10:9618?addrs=10.0.8.10-9618&noUDP&sock=3696752_f7c3_3>
...
001 (398.391.000) 02/11 12:03:02 Job executing on host: <10.0.9.4:9618?addrs=10.0.9.4-9618&noUDP&sock=1035_809c_3>
...
006 (398.391.000) 02/11 12:03:10 Image size of job updated: 22404
	22  -  MemoryUsage of job (MB)
	22404  -  ResidentSetSize of job (KB)
...
006 (398.391.000) 02/11 12:08:10 Image size of job updated: 28408
	28  -  MemoryUsage of job (MB)
	28408  -  ResidentSetSize of job (KB)
...
006 (398.391.000) 02/11 12:13:11 Image size of job updated: 28452
	28  -  MemoryUsage of job (MB)
	28452  -  ResidentSetSize of job (KB)
...
006 (398.391.000) 02/11 12:23:12 Image size of job updated: 1074168104
	32  -  MemoryUsage of job (MB)
	32736  -  ResidentSetSize of job (KB)
...
006 (398.391.000) 02/11 12:25:14 Image size of job updated: 1074225264
	32  -  MemoryUsage of job (MB)
	32736  -  ResidentSetSize of job (KB)
...
005 (398.391.000) 02/11 12:25:14 Job terminated.
	(1) Normal termination (return value 0)
		Usr 0 00:01:36, Sys 0 00:00:26  -  Run Remote Usage
		Usr 0 00:00:00, Sys 0 00:00:00  -  Run Local Usage
		Usr 0 00:01:36, Sys 0 00:00:26  -  Total Remote Usage
		Usr 0 00:00:00, Sys 0 00:00:00  -  Total Local Usage
	0  -  Run Bytes Sent By Job
	0  -  Run Bytes Received By Job
	0  -  Total Bytes Sent By Job
	0  -  Total Bytes Received By Job
	Partitionable Resources :    Usage  Request Allocated 
	   Cpus                 :     0.00        1         1 
	   Disk (KB)            :     1           1  19622548 
	   Memory (MB)          :    32           1      6000 
...
