000 (398.184.000) 02/11 09:45:05 Job submitted from host: <10.0.8.10:9618?addrs=10.0.8.10-9618&noUDP&sock=3696752_f7c3_3>
...
001 (398.184.000) 02/11 10:46:26 Job executing on host: <10.0.9.3:9618?addrs=10.0.9.3-9618&noUDP&sock=1064_64db_3>
...
006 (398.184.000) 02/11 10:46:38 Image size of job updated: 3828
	4  -  MemoryUsage of job (MB)
	3828  -  ResidentSetSize of job (KB)
...
006 (398.184.000) 02/11 10:51:39 Image size of job updated: 28968
	29  -  MemoryUsage of job (MB)
	28968  -  ResidentSetSize of job (KB)
...
006 (398.184.000) 02/11 10:56:39 Image size of job updated: 29020
	29  -  MemoryUsage of job (MB)
	29020  -  ResidentSetSize of job (KB)
...
006 (398.184.000) 02/11 11:11:34 Image size of job updated: 1074179164
	29  -  MemoryUsage of job (MB)
	29020  -  ResidentSetSize of job (KB)
...
005 (398.184.000) 02/11 11:11:35 Job terminated.
	(1) Normal termination (return value 128)
		Usr 0 00:01:24, Sys 0 00:00:25  -  Run Remote Usage
		Usr 0 00:00:00, Sys 0 00:00:00  -  Run Local Usage
		Usr 0 00:01:24, Sys 0 00:00:25  -  Total Remote Usage
		Usr 0 00:00:00, Sys 0 00:00:00  -  Total Local Usage
	0  -  Run Bytes Sent By Job
	0  -  Run Bytes Received By Job
	0  -  Total Bytes Sent By Job
	0  -  Total Bytes Received By Job
	Partitionable Resources :    Usage  Request Allocated 
	   Cpus                 :     0.08        1         1 
	   Disk (KB)            :     1           1  19623598 
	   Memory (MB)          :    29           1      6000 
...
