000 (398.331.000) 02/11 09:45:05 Job submitted from host: <10.0.8.10:9618?addrs=10.0.8.10-9618&noUDP&sock=3696752_f7c3_3>
...
001 (398.331.000) 02/11 11:40:40 Job executing on host: <10.0.9.3:9618?addrs=10.0.9.3-9618&noUDP&sock=1064_64db_3>
...
006 (398.331.000) 02/11 11:40:48 Image size of job updated: 28816
	29  -  MemoryUsage of job (MB)
	28816  -  ResidentSetSize of job (KB)
...
006 (398.331.000) 02/11 11:45:48 Image size of job updated: 28892
	29  -  MemoryUsage of job (MB)
	28892  -  ResidentSetSize of job (KB)
...
006 (398.331.000) 02/11 11:55:50 Image size of job updated: 28916
	29  -  MemoryUsage of job (MB)
	28916  -  ResidentSetSize of job (KB)
...
006 (398.331.000) 02/11 12:09:56 Image size of job updated: 1074202784
	29  -  MemoryUsage of job (MB)
	28916  -  ResidentSetSize of job (KB)
...
005 (398.331.000) 02/11 12:09:56 Job terminated.
	(1) Normal termination (return value 0)
		Usr 0 00:02:14, Sys 0 00:00:39  -  Run Remote Usage
		Usr 0 00:00:00, Sys 0 00:00:00  -  Run Local Usage
		Usr 0 00:02:14, Sys 0 00:00:39  -  Total Remote Usage
		Usr 0 00:00:00, Sys 0 00:00:00  -  Total Local Usage
	0  -  Run Bytes Sent By Job
	0  -  Run Bytes Received By Job
	0  -  Total Bytes Sent By Job
	0  -  Total Bytes Received By Job
	Partitionable Resources :    Usage  Request Allocated 
	   Cpus                 :     0.20        1         1 
	   Disk (KB)            :     1           1  19623598 
	   Memory (MB)          :    29           1      6000 
...
