000 (398.183.000) 02/11 09:45:05 Job submitted from host: <10.0.8.10:9618?addrs=10.0.8.10-9618&noUDP&sock=3696752_f7c3_3>
...
001 (398.183.000) 02/11 10:46:27 Job executing on host: <10.0.9.3:9618?addrs=10.0.9.3-9618&noUDP&sock=1064_64db_3>
...
006 (398.183.000) 02/11 10:46:38 Image size of job updated: 3960
	4  -  MemoryUsage of job (MB)
	3960  -  ResidentSetSize of job (KB)
...
006 (398.183.000) 02/11 10:51:39 Image size of job updated: 28488
	28  -  MemoryUsage of job (MB)
	28488  -  ResidentSetSize of job (KB)
...
006 (398.183.000) 02/11 11:06:40 Image size of job updated: 30328
	30  -  MemoryUsage of job (MB)
	30328  -  ResidentSetSize of job (KB)
...
006 (398.183.000) 02/11 11:11:41 Image size of job updated: 1074123844
	30  -  MemoryUsage of job (MB)
	30328  -  ResidentSetSize of job (KB)
...
006 (398.183.000) 02/11 11:11:46 Image size of job updated: 1074161472
	30  -  MemoryUsage of job (MB)
	30328  -  ResidentSetSize of job (KB)
...
005 (398.183.000) 02/11 11:11:46 Job terminated.
	(1) Normal termination (return value 0)
		Usr 0 00:01:33, Sys 0 00:00:29  -  Run Remote Usage
		Usr 0 00:00:00, Sys 0 00:00:00  -  Run Local Usage
		Usr 0 00:01:33, Sys 0 00:00:29  -  Total Remote Usage
		Usr 0 00:00:00, Sys 0 00:00:00  -  Total Local Usage
	0  -  Run Bytes Sent By Job
	0  -  Run Bytes Received By Job
	0  -  Total Bytes Sent By Job
	0  -  Total Bytes Received By Job
	Partitionable Resources :    Usage  Request Allocated 
	   Cpus                 :        0        1         1 
	   Disk (KB)            :        1        1  19623598 
	   Memory (MB)          :       30        1      6000 
...
