000 (398.409.000) 02/11 09:45:05 Job submitted from host: <10.0.8.10:9618?addrs=10.0.8.10-9618&noUDP&sock=3696752_f7c3_3>
...
001 (398.409.000) 02/11 12:09:03 Job executing on host: <10.0.9.3:9618?addrs=10.0.9.3-9618&noUDP&sock=1064_64db_3>
...
006 (398.409.000) 02/11 12:09:11 Image size of job updated: 13644
	14  -  MemoryUsage of job (MB)
	13644  -  ResidentSetSize of job (KB)
...
006 (398.409.000) 02/11 12:14:11 Image size of job updated: 28176
	28  -  MemoryUsage of job (MB)
	28176  -  ResidentSetSize of job (KB)
...
006 (398.409.000) 02/11 12:29:13 Image size of job updated: 1074123844
	32  -  MemoryUsage of job (MB)
	32096  -  ResidentSetSize of job (KB)
...
006 (398.409.000) 02/11 12:34:13 Image size of job updated: 1074190524
	33  -  MemoryUsage of job (MB)
	33588  -  ResidentSetSize of job (KB)
...
005 (398.409.000) 02/11 12:34:24 Job terminated.
	(1) Normal termination (return value 128)
		Usr 0 00:01:40, Sys 0 00:00:29  -  Run Remote Usage
		Usr 0 00:00:00, Sys 0 00:00:00  -  Run Local Usage
		Usr 0 00:01:40, Sys 0 00:00:29  -  Total Remote Usage
		Usr 0 00:00:00, Sys 0 00:00:00  -  Total Local Usage
	0  -  Run Bytes Sent By Job
	0  -  Run Bytes Received By Job
	0  -  Total Bytes Sent By Job
	0  -  Total Bytes Received By Job
	Partitionable Resources :    Usage  Request Allocated 
	   Cpus                 :     0.00        1         1 
	   Disk (KB)            :     1           1  19623598 
	   Memory (MB)          :    33           1      6000 
...
