000 (398.014.000) 02/11 09:45:04 Job submitted from host: <10.0.8.10:9618?addrs=10.0.8.10-9618&noUDP&sock=3696752_f7c3_3>
...
001 (398.014.000) 02/11 09:45:13 Job executing on host: <10.0.9.4:9618?addrs=10.0.9.4-9618&noUDP&sock=1035_809c_3>
...
006 (398.014.000) 02/11 09:45:22 Image size of job updated: 28424
	28  -  MemoryUsage of job (MB)
	28424  -  ResidentSetSize of job (KB)
...
006 (398.014.000) 02/11 10:10:25 Image size of job updated: 1074123844
	32  -  MemoryUsage of job (MB)
	32424  -  ResidentSetSize of job (KB)
...
006 (398.014.000) 02/11 10:15:25 Image size of job updated: 1074145972
	33  -  MemoryUsage of job (MB)
	32820  -  ResidentSetSize of job (KB)
...
006 (398.014.000) 02/11 10:17:24 Image size of job updated: 1074190924
	33  -  MemoryUsage of job (MB)
	32820  -  ResidentSetSize of job (KB)
...
005 (398.014.000) 02/11 10:17:24 Job terminated.
	(1) Normal termination (return value 128)
		Usr 0 00:01:57, Sys 0 00:00:34  -  Run Remote Usage
		Usr 0 00:00:00, Sys 0 00:00:00  -  Run Local Usage
		Usr 0 00:01:57, Sys 0 00:00:34  -  Total Remote Usage
		Usr 0 00:00:00, Sys 0 00:00:00  -  Total Local Usage
	0  -  Run Bytes Sent By Job
	0  -  Run Bytes Received By Job
	0  -  Total Bytes Sent By Job
	0  -  Total Bytes Received By Job
	Partitionable Resources :    Usage  Request Allocated 
	   Cpus                 :     0.00        1         1 
	   Disk (KB)            :     1           1  19622548 
	   Memory (MB)          :    33           1      6000 
...
