000 (398.459.000) 02/11 09:45:05 Job submitted from host: <10.0.8.10:9618?addrs=10.0.8.10-9618&noUDP&sock=3696752_f7c3_3>
...
001 (398.459.000) 02/11 12:39:50 Job executing on host: <10.0.9.1:9618?addrs=10.0.9.1-9618&noUDP&sock=1544_a251_3>
...
006 (398.459.000) 02/11 12:39:58 Image size of job updated: 29064
	29  -  MemoryUsage of job (MB)
	29064  -  ResidentSetSize of job (KB)
...
006 (398.459.000) 02/11 12:49:58 Image size of job updated: 1074123844
	31  -  MemoryUsage of job (MB)
	31580  -  ResidentSetSize of job (KB)
...
006 (398.459.000) 02/11 12:50:35 Image size of job updated: 1074190560
	31  -  MemoryUsage of job (MB)
	31580  -  ResidentSetSize of job (KB)
...
005 (398.459.000) 02/11 12:50:35 Job terminated.
	(1) Normal termination (return value 0)
		Usr 0 00:00:43, Sys 0 00:00:33  -  Run Remote Usage
		Usr 0 00:00:00, Sys 0 00:00:00  -  Run Local Usage
		Usr 0 00:00:43, Sys 0 00:00:33  -  Total Remote Usage
		Usr 0 00:00:00, Sys 0 00:00:00  -  Total Local Usage
	0  -  Run Bytes Sent By Job
	0  -  Run Bytes Received By Job
	0  -  Total Bytes Sent By Job
	0  -  Total Bytes Received By Job
	Partitionable Resources :    Usage  Request Allocated 
	   Cpus                 :     0.03        1         1 
	   Disk (KB)            :     1           1    286452 
	   Memory (MB)          :    31           1       128 
...
