Error processing line 1 of /home/tkadelka/.local/lib/python3.7/site-packages/autorunrecord-nspkg.pth:

  Traceback (most recent call last):
    File "/usr/lib/python3.7/site.py", line 174, in addpackage
      exec(line)
    File "<string>", line 1, in <module>
    File "<frozen importlib._bootstrap>", line 580, in module_from_spec
  AttributeError: 'NoneType' object has no attribute 'loader'

Remainder of file ignored
[WARNING] realpath of PWD=/data/project/rehab_eNKI/eNKI_data/code is /data/project/rehab_eNKI/eNKI_data/code whenever os.getcwd()=/data/project/rehab_eNKI/eNKI_data. From now on will be returning os.getcwd(). Directory symlinks in the paths will be resolved 
[INFO] Downloading 'https://trends-coins-ni.s3.amazonaws.com/nidropbox/8100_anonymized/20151111_021913_W6ql3.zip?response-content-disposition=attachment%3Bfilename%3Dscan_data185.zip&X-Amz-Content-Sha256=UNSIGNED-PAYLOAD&X-Amz-Algorithm=AWS4-HMAC-SHA256&X-Amz-Credential=AKIA2V4PE5I4KOKW2K76%2F20200211%2Fus-east-1%2Fs3%2Faws4_request&X-Amz-Date=20200211T005343Z&X-Amz-SignedHeaders=host&X-Amz-Expires=604800&X-Amz-Signature=f053ae97b2bed3d22f8aa8344a1dbcab2c113a5d40a1aa3aca2138ac9000f5e4' into '/data/project/rehab_eNKI/eNKI_data/' 
CommandError: command '['git', 'commit', '-m', '[DATALAD] Download URLs\n\nURLs:\n  https://trends-coins-ni.s3.amazonaws.com/nidropbox/8100_anonymized/20151111_021913_W6ql3.zip?response-content-disposition=attachment%3Bfilename%3Dscan_data185.zip&X-Amz-Content-Sha256=UNSIGNED-PAYLOAD&X-Amz-Algorithm=AWS4-HMAC-SHA256&X-Amz-Credential=AKIA2V4PE5I4KOKW2K76%2F20200211%2Fus-east-1%2Fs3%2Faws4_request&X-Amz-Date=20200211T005343Z&X-Amz-SignedHeaders=host&X-Amz-Expires=604800&X-Amz-Signature=f053ae97b2bed3d22f8aa8344a1dbcab2c113a5d40a1aa3aca2138ac9000f5e4', '--', 'scan_data185.zip']' failed with exitcode 128
Failed to run ['git', 'commit', '-m', '[DATALAD] Download URLs\n\nURLs:\n  https://trends-coins-ni.s3.amazonaws.com/nidropbox/8100_anonymized/20151111_021913_W6ql3.zip?response-content-disposition=attachment%3Bfilename%3Dscan_data185.zip&X-Amz-Content-Sha256=UNSIGNED-PAYLOAD&X-Amz-Algorithm=AWS4-HMAC-SHA256&X-Amz-Credential=AKIA2V4PE5I4KOKW2K76%2F20200211%2Fus-east-1%2Fs3%2Faws4_request&X-Amz-Date=20200211T005343Z&X-Amz-SignedHeaders=host&X-Amz-Expires=604800&X-Amz-Signature=f053ae97b2bed3d22f8aa8344a1dbcab2c113a5d40a1aa3aca2138ac9000f5e4', '--', 'scan_data185.zip'] under '/data/project/rehab_eNKI/eNKI_data'. Exit code=128. out= err=fatal: Unable to create '/data/project/rehab_eNKI/eNKI_data/.git/index.lock': File exists.

Another git process seems to be running in this repository, e.g.
an editor opened by 'git commit'. Please make sure all processes
are terminated then try again. If it still fails, a git process
may have crashed in this repository earlier:
remove the file manually to continue.

fatal: Unable to create '/data/project/rehab_eNKI/eNKI_data/.git/index.lock': File exists.

Another git process seems to be running in this repository, e.g.
an editor opened by 'git commit'. Please make sure all processes
are terminated then try again. If it still fails, a git process
may have crashed in this repository earlier:
remove the file manually to continue.
