000 (398.406.000) 02/11 09:45:05 Job submitted from host: <10.0.8.10:9618?addrs=10.0.8.10-9618&noUDP&sock=3696752_f7c3_3>
...
001 (398.406.000) 02/11 12:08:03 Job executing on host: <10.0.9.3:9618?addrs=10.0.9.3-9618&noUDP&sock=1064_64db_3>
...
006 (398.406.000) 02/11 12:08:12 Image size of job updated: 7656
	8  -  MemoryUsage of job (MB)
	7656  -  ResidentSetSize of job (KB)
...
006 (398.406.000) 02/11 12:13:13 Image size of job updated: 28052
	28  -  MemoryUsage of job (MB)
	28052  -  ResidentSetSize of job (KB)
...
006 (398.406.000) 02/11 12:36:52 Image size of job updated: 1074184860
	28  -  MemoryUsage of job (MB)
	28052  -  ResidentSetSize of job (KB)
...
005 (398.406.000) 02/11 12:36:52 Job terminated.
	(1) Normal termination (return value 128)
		Usr 0 00:02:06, Sys 0 00:00:40  -  Run Remote Usage
		Usr 0 00:00:00, Sys 0 00:00:00  -  Run Local Usage
		Usr 0 00:02:06, Sys 0 00:00:40  -  Total Remote Usage
		Usr 0 00:00:00, Sys 0 00:00:00  -  Total Local Usage
	0  -  Run Bytes Sent By Job
	0  -  Run Bytes Received By Job
	0  -  Total Bytes Sent By Job
	0  -  Total Bytes Received By Job
	Partitionable Resources :    Usage  Request Allocated 
	   Cpus                 :     0.16        1         1 
	   Disk (KB)            :     1           1  19623598 
	   Memory (MB)          :    28           1      6000 
...
