000 (398.101.000) 02/11 09:45:04 Job submitted from host: <10.0.8.10:9618?addrs=10.0.8.10-9618&noUDP&sock=3696752_f7c3_3>
...
001 (398.101.000) 02/11 10:18:14 Job executing on host: <10.0.9.4:9618?addrs=10.0.9.4-9618&noUDP&sock=1035_809c_3>
...
006 (398.101.000) 02/11 10:18:22 Image size of job updated: 28720
	29  -  MemoryUsage of job (MB)
	28720  -  ResidentSetSize of job (KB)
...
006 (398.101.000) 02/11 10:43:24 Image size of job updated: 1074138004
	29  -  MemoryUsage of job (MB)
	28720  -  ResidentSetSize of job (KB)
...
005 (398.101.000) 02/11 10:44:35 Job terminated.
	(1) Normal termination (return value 128)
		Usr 0 00:01:49, Sys 0 00:00:35  -  Run Remote Usage
		Usr 0 00:00:00, Sys 0 00:00:00  -  Run Local Usage
		Usr 0 00:01:49, Sys 0 00:00:35  -  Total Remote Usage
		Usr 0 00:00:00, Sys 0 00:00:00  -  Total Local Usage
	0  -  Run Bytes Sent By Job
	0  -  Run Bytes Received By Job
	0  -  Total Bytes Sent By Job
	0  -  Total Bytes Received By Job
	Partitionable Resources :    Usage  Request Allocated 
	   Cpus                 :     0.09        1         1 
	   Disk (KB)            :     1           1  19622548 
	   Memory (MB)          :    29           1      6000 
...
