000 (398.001.000) 02/11 09:45:04 Job submitted from host: <10.0.8.10:9618?addrs=10.0.8.10-9618&noUDP&sock=3696752_f7c3_3>
...
001 (398.001.000) 02/11 09:45:14 Job executing on host: <10.0.9.3:9618?addrs=10.0.9.3-9618&noUDP&sock=1064_64db_3>
...
006 (398.001.000) 02/11 09:45:22 Image size of job updated: 28824
	29  -  MemoryUsage of job (MB)
	28824  -  ResidentSetSize of job (KB)
...
006 (398.001.000) 02/11 10:15:24 Image size of job updated: 1074123972
	32  -  MemoryUsage of job (MB)
	32396  -  ResidentSetSize of job (KB)
...
006 (398.001.000) 02/11 10:19:22 Image size of job updated: 1074202912
	32  -  MemoryUsage of job (MB)
	32396  -  ResidentSetSize of job (KB)
...
005 (398.001.000) 02/11 10:19:22 Job terminated.
	(1) Normal termination (return value 0)
		Usr 0 00:02:23, Sys 0 00:00:44  -  Run Remote Usage
		Usr 0 00:00:00, Sys 0 00:00:00  -  Run Local Usage
		Usr 0 00:02:23, Sys 0 00:00:44  -  Total Remote Usage
		Usr 0 00:00:00, Sys 0 00:00:00  -  Total Local Usage
	0  -  Run Bytes Sent By Job
	0  -  Run Bytes Received By Job
	0  -  Total Bytes Sent By Job
	0  -  Total Bytes Received By Job
	Partitionable Resources :    Usage  Request Allocated 
	   Cpus                 :     0.23        1         1 
	   Disk (KB)            :     1           1  19623598 
	   Memory (MB)          :    32           1      6000 
...
