000 (398.378.000) 02/11 09:45:05 Job submitted from host: <10.0.8.10:9618?addrs=10.0.8.10-9618&noUDP&sock=3696752_f7c3_3>
...
001 (398.378.000) 02/11 12:01:06 Job executing on host: <10.0.9.4:9618?addrs=10.0.9.4-9618&noUDP&sock=1035_809c_3>
...
006 (398.378.000) 02/11 12:01:14 Image size of job updated: 8948
	9  -  MemoryUsage of job (MB)
	8948  -  ResidentSetSize of job (KB)
...
006 (398.378.000) 02/11 12:06:14 Image size of job updated: 28364
	28  -  MemoryUsage of job (MB)
	28364  -  ResidentSetSize of job (KB)
...
006 (398.378.000) 02/11 12:16:15 Image size of job updated: 28384
	28  -  MemoryUsage of job (MB)
	28384  -  ResidentSetSize of job (KB)
...
006 (398.378.000) 02/11 12:20:15 Image size of job updated: 1074145972
	28  -  MemoryUsage of job (MB)
	28384  -  ResidentSetSize of job (KB)
...
005 (398.378.000) 02/11 12:20:15 Job terminated.
	(1) Normal termination (return value 0)
		Usr 0 00:01:35, Sys 0 00:00:28  -  Run Remote Usage
		Usr 0 00:00:00, Sys 0 00:00:00  -  Run Local Usage
		Usr 0 00:01:35, Sys 0 00:00:28  -  Total Remote Usage
		Usr 0 00:00:00, Sys 0 00:00:00  -  Total Local Usage
	0  -  Run Bytes Sent By Job
	0  -  Run Bytes Received By Job
	0  -  Total Bytes Sent By Job
	0  -  Total Bytes Received By Job
	Partitionable Resources :    Usage  Request Allocated 
	   Cpus                 :     0.18        1         1 
	   Disk (KB)            :     1           1  19622548 
	   Memory (MB)          :    28           1      6000 
...
