000 (398.420.000) 02/11 09:45:05 Job submitted from host: <10.0.8.10:9618?addrs=10.0.8.10-9618&noUDP&sock=3696752_f7c3_3>
...
001 (398.420.000) 02/11 12:12:02 Job executing on host: <10.0.9.3:9618?addrs=10.0.9.3-9618&noUDP&sock=1064_64db_3>
...
006 (398.420.000) 02/11 12:12:10 Image size of job updated: 28552
	28  -  MemoryUsage of job (MB)
	28552  -  ResidentSetSize of job (KB)
...
006 (398.420.000) 02/11 12:17:10 Image size of job updated: 28584
	28  -  MemoryUsage of job (MB)
	28584  -  ResidentSetSize of job (KB)
...
006 (398.420.000) 02/11 12:37:12 Image size of job updated: 1074225276
	43  -  MemoryUsage of job (MB)
	43636  -  ResidentSetSize of job (KB)
...
005 (398.420.000) 02/11 12:37:23 Job terminated.
	(1) Normal termination (return value 0)
		Usr 0 00:02:08, Sys 0 00:00:35  -  Run Remote Usage
		Usr 0 00:00:00, Sys 0 00:00:00  -  Run Local Usage
		Usr 0 00:02:08, Sys 0 00:00:35  -  Total Remote Usage
		Usr 0 00:00:00, Sys 0 00:00:00  -  Total Local Usage
	0  -  Run Bytes Sent By Job
	0  -  Run Bytes Received By Job
	0  -  Total Bytes Sent By Job
	0  -  Total Bytes Received By Job
	Partitionable Resources :    Usage  Request Allocated 
	   Cpus                 :     0.09        1         1 
	   Disk (KB)            :     1           1  19623598 
	   Memory (MB)          :    43           1      6000 
...
