000 (398.444.000) 02/11 09:45:05 Job submitted from host: <10.0.8.10:9618?addrs=10.0.8.10-9618&noUDP&sock=3696752_f7c3_3>
...
001 (398.444.000) 02/11 12:37:51 Job executing on host: <10.0.9.3:9618?addrs=10.0.9.3-9618&noUDP&sock=1064_64db_3>
...
006 (398.444.000) 02/11 12:38:00 Image size of job updated: 7740
	8  -  MemoryUsage of job (MB)
	7608  -  ResidentSetSize of job (KB)
...
006 (398.444.000) 02/11 12:43:01 Image size of job updated: 28580
	28  -  MemoryUsage of job (MB)
	28448  -  ResidentSetSize of job (KB)
...
006 (398.444.000) 02/11 12:58:02 Image size of job updated: 1074123844
	31  -  MemoryUsage of job (MB)
	31632  -  ResidentSetSize of job (KB)
...
006 (398.444.000) 02/11 13:02:47 Image size of job updated: 1074225248
	31  -  MemoryUsage of job (MB)
	31632  -  ResidentSetSize of job (KB)
...
005 (398.444.000) 02/11 13:02:47 Job terminated.
	(1) Normal termination (return value 0)
		Usr 0 00:01:58, Sys 0 00:00:31  -  Run Remote Usage
		Usr 0 00:00:00, Sys 0 00:00:00  -  Run Local Usage
		Usr 0 00:01:58, Sys 0 00:00:31  -  Total Remote Usage
		Usr 0 00:00:00, Sys 0 00:00:00  -  Total Local Usage
	0  -  Run Bytes Sent By Job
	0  -  Run Bytes Received By Job
	0  -  Total Bytes Sent By Job
	0  -  Total Bytes Received By Job
	Partitionable Resources :    Usage  Request Allocated 
	   Cpus                 :     0.00        1         1 
	   Disk (KB)            :     1           1  19623598 
	   Memory (MB)          :    31           1      6000 
...
