000 (398.017.000) 02/11 09:45:04 Job submitted from host: <10.0.8.10:9618?addrs=10.0.8.10-9618&noUDP&sock=3696752_f7c3_3>
...
001 (398.017.000) 02/11 09:45:14 Job executing on host: <10.0.9.4:9618?addrs=10.0.9.4-9618&noUDP&sock=1035_809c_3>
...
006 (398.017.000) 02/11 09:45:22 Image size of job updated: 28120
	28  -  MemoryUsage of job (MB)
	28120  -  ResidentSetSize of job (KB)
...
006 (398.017.000) 02/11 09:50:22 Image size of job updated: 28256
	28  -  MemoryUsage of job (MB)
	28256  -  ResidentSetSize of job (KB)
...
006 (398.017.000) 02/11 10:05:24 Image size of job updated: 1074123844
	31  -  MemoryUsage of job (MB)
	31088  -  ResidentSetSize of job (KB)
...
006 (398.017.000) 02/11 10:10:24 Image size of job updated: 1074190416
	32  -  MemoryUsage of job (MB)
	32276  -  ResidentSetSize of job (KB)
...
006 (398.017.000) 02/11 10:17:27 Image size of job updated: 1074202784
	32  -  MemoryUsage of job (MB)
	32276  -  ResidentSetSize of job (KB)
...
005 (398.017.000) 02/11 10:17:27 Job terminated.
	(1) Normal termination (return value 0)
		Usr 0 00:01:28, Sys 0 00:00:27  -  Run Remote Usage
		Usr 0 00:00:00, Sys 0 00:00:00  -  Run Local Usage
		Usr 0 00:01:28, Sys 0 00:00:27  -  Total Remote Usage
		Usr 0 00:00:00, Sys 0 00:00:00  -  Total Local Usage
	0  -  Run Bytes Sent By Job
	0  -  Run Bytes Received By Job
	0  -  Total Bytes Sent By Job
	0  -  Total Bytes Received By Job
	Partitionable Resources :    Usage  Request Allocated 
	   Cpus                 :     0.00        1         1 
	   Disk (KB)            :     1           1  19622548 
	   Memory (MB)          :    32           1      6000 
...
