000 (398.088.000) 02/11 09:45:04 Job submitted from host: <10.0.8.10:9618?addrs=10.0.8.10-9618&noUDP&sock=3696752_f7c3_3>
...
001 (398.088.000) 02/11 10:12:22 Job executing on host: <10.0.9.4:9618?addrs=10.0.9.4-9618&noUDP&sock=1035_809c_3>
...
006 (398.088.000) 02/11 10:12:30 Image size of job updated: 3828
	4  -  MemoryUsage of job (MB)
	3828  -  ResidentSetSize of job (KB)
...
006 (398.088.000) 02/11 10:17:30 Image size of job updated: 34800
	28  -  MemoryUsage of job (MB)
	28596  -  ResidentSetSize of job (KB)
...
006 (398.088.000) 02/11 10:22:30 Image size of job updated: 34800
	29  -  MemoryUsage of job (MB)
	28716  -  ResidentSetSize of job (KB)
...
006 (398.088.000) 02/11 10:32:31 Image size of job updated: 35580
	29  -  MemoryUsage of job (MB)
	28716  -  ResidentSetSize of job (KB)
...
006 (398.088.000) 02/11 10:52:33 Image size of job updated: 1074184852
	34  -  MemoryUsage of job (MB)
	34256  -  ResidentSetSize of job (KB)
...
006 (398.088.000) 02/11 10:57:34 Image size of job updated: 1074190360
	34  -  MemoryUsage of job (MB)
	34660  -  ResidentSetSize of job (KB)
...
006 (398.088.000) 02/11 10:58:11 Image size of job updated: 1074202784
	34  -  MemoryUsage of job (MB)
	34660  -  ResidentSetSize of job (KB)
...
005 (398.088.000) 02/11 10:58:11 Job terminated.
	(1) Normal termination (return value 0)
		Usr 0 00:02:24, Sys 0 00:00:43  -  Run Remote Usage
		Usr 0 00:00:00, Sys 0 00:00:00  -  Run Local Usage
		Usr 0 00:02:24, Sys 0 00:00:43  -  Total Remote Usage
		Usr 0 00:00:00, Sys 0 00:00:00  -  Total Local Usage
	0  -  Run Bytes Sent By Job
	0  -  Run Bytes Received By Job
	0  -  Total Bytes Sent By Job
	0  -  Total Bytes Received By Job
	Partitionable Resources :    Usage  Request Allocated 
	   Cpus                 :     0.00        1         1 
	   Disk (KB)            :     1           1  19622548 
	   Memory (MB)          :    34           1      6000 
...
