000 (398.368.000) 02/11 09:45:05 Job submitted from host: <10.0.8.10:9618?addrs=10.0.8.10-9618&noUDP&sock=3696752_f7c3_3>
...
001 (398.368.000) 02/11 11:57:00 Job executing on host: <10.0.9.3:9618?addrs=10.0.9.3-9618&noUDP&sock=1064_64db_3>
...
006 (398.368.000) 02/11 11:57:09 Image size of job updated: 28460
	28  -  MemoryUsage of job (MB)
	28460  -  ResidentSetSize of job (KB)
...
006 (398.368.000) 02/11 12:02:10 Image size of job updated: 28488
	28  -  MemoryUsage of job (MB)
	28488  -  ResidentSetSize of job (KB)
...
006 (398.368.000) 02/11 12:07:11 Image size of job updated: 28536
	28  -  MemoryUsage of job (MB)
	28536  -  ResidentSetSize of job (KB)
...
006 (398.368.000) 02/11 12:27:12 Image size of job updated: 1074123844
	30  -  MemoryUsage of job (MB)
	30668  -  ResidentSetSize of job (KB)
...
006 (398.368.000) 02/11 12:28:02 Image size of job updated: 1074179268
	30  -  MemoryUsage of job (MB)
	30668  -  ResidentSetSize of job (KB)
...
005 (398.368.000) 02/11 12:28:02 Job terminated.
	(1) Normal termination (return value 1)
		Usr 0 00:02:10, Sys 0 00:00:38  -  Run Remote Usage
		Usr 0 00:00:00, Sys 0 00:00:00  -  Run Local Usage
		Usr 0 00:02:10, Sys 0 00:00:38  -  Total Remote Usage
		Usr 0 00:00:00, Sys 0 00:00:00  -  Total Local Usage
	0  -  Run Bytes Sent By Job
	0  -  Run Bytes Received By Job
	0  -  Total Bytes Sent By Job
	0  -  Total Bytes Received By Job
	Partitionable Resources :    Usage  Request Allocated 
	   Cpus                 :     0.20        1         1 
	   Disk (KB)            :     1           1  19623598 
	   Memory (MB)          :    30           1      6000 
...
