000 (398.235.000) 02/11 09:45:05 Job submitted from host: <10.0.8.10:9618?addrs=10.0.8.10-9618&noUDP&sock=3696752_f7c3_3>
...
001 (398.235.000) 02/11 11:04:15 Job executing on host: <10.0.9.1:9618?addrs=10.0.9.1-9618&noUDP&sock=1544_a251_3>
...
006 (398.235.000) 02/11 11:04:24 Image size of job updated: 28940
	29  -  MemoryUsage of job (MB)
	28940  -  ResidentSetSize of job (KB)
...
006 (398.235.000) 02/11 11:09:25 Image size of job updated: 29016
	29  -  MemoryUsage of job (MB)
	29016  -  ResidentSetSize of job (KB)
...
006 (398.235.000) 02/11 11:14:25 Image size of job updated: 31044
	31  -  MemoryUsage of job (MB)
	31044  -  ResidentSetSize of job (KB)
...
006 (398.235.000) 02/11 11:14:40 Image size of job updated: 1074123844
	31  -  MemoryUsage of job (MB)
	31044  -  ResidentSetSize of job (KB)
...
005 (398.235.000) 02/11 11:14:40 Job terminated.
	(1) Normal termination (return value 0)
		Usr 0 00:00:40, Sys 0 00:00:28  -  Run Remote Usage
		Usr 0 00:00:00, Sys 0 00:00:00  -  Run Local Usage
		Usr 0 00:00:40, Sys 0 00:00:28  -  Total Remote Usage
		Usr 0 00:00:00, Sys 0 00:00:00  -  Total Local Usage
	0  -  Run Bytes Sent By Job
	0  -  Run Bytes Received By Job
	0  -  Total Bytes Sent By Job
	0  -  Total Bytes Received By Job
	Partitionable Resources :    Usage  Request Allocated 
	   Cpus                 :     0.95        1         1 
	   Disk (KB)            :     1           1    286452 
	   Memory (MB)          :    31           1       128 
...
