000 (398.120.000) 02/11 09:45:04 Job submitted from host: <10.0.8.10:9618?addrs=10.0.8.10-9618&noUDP&sock=3696752_f7c3_3>
...
001 (398.120.000) 02/11 10:20:14 Job executing on host: <10.0.9.3:9618?addrs=10.0.9.3-9618&noUDP&sock=1064_64db_3>
...
006 (398.120.000) 02/11 10:20:22 Image size of job updated: 28160
	28  -  MemoryUsage of job (MB)
	28160  -  ResidentSetSize of job (KB)
...
006 (398.120.000) 02/11 10:25:22 Image size of job updated: 28300
	28  -  MemoryUsage of job (MB)
	28300  -  ResidentSetSize of job (KB)
...
006 (398.120.000) 02/11 10:50:26 Image size of job updated: 1074123844
	32  -  MemoryUsage of job (MB)
	31948  -  ResidentSetSize of job (KB)
...
006 (398.120.000) 02/11 10:55:26 Image size of job updated: 1074179164
	33  -  MemoryUsage of job (MB)
	33056  -  ResidentSetSize of job (KB)
...
005 (398.120.000) 02/11 10:56:28 Job terminated.
	(1) Normal termination (return value 128)
		Usr 0 00:01:55, Sys 0 00:00:38  -  Run Remote Usage
		Usr 0 00:00:00, Sys 0 00:00:00  -  Run Local Usage
		Usr 0 00:01:55, Sys 0 00:00:38  -  Total Remote Usage
		Usr 0 00:00:00, Sys 0 00:00:00  -  Total Local Usage
	0  -  Run Bytes Sent By Job
	0  -  Run Bytes Received By Job
	0  -  Total Bytes Sent By Job
	0  -  Total Bytes Received By Job
	Partitionable Resources :    Usage  Request Allocated 
	   Cpus                 :        0        1         1 
	   Disk (KB)            :        1        1  19623598 
	   Memory (MB)          :       33        1      6000 
...
