000 (398.489.000) 02/11 09:45:05 Job submitted from host: <10.0.8.10:9618?addrs=10.0.8.10-9618&noUDP&sock=3696752_f7c3_3>
...
001 (398.489.000) 02/11 12:40:50 Job executing on host: <10.0.9.4:9618?addrs=10.0.9.4-9618&noUDP&sock=1035_809c_3>
...
006 (398.489.000) 02/11 12:40:58 Image size of job updated: 28676
	29  -  MemoryUsage of job (MB)
	28676  -  ResidentSetSize of job (KB)
...
006 (398.489.000) 02/11 12:50:59 Image size of job updated: 28812
	29  -  MemoryUsage of job (MB)
	28812  -  ResidentSetSize of job (KB)
...
006 (398.489.000) 02/11 13:06:00 Image size of job updated: 35060
	35  -  MemoryUsage of job (MB)
	35060  -  ResidentSetSize of job (KB)
...
006 (398.489.000) 02/11 13:11:01 Image size of job updated: 1074202876
	43  -  MemoryUsage of job (MB)
	43552  -  ResidentSetSize of job (KB)
...
006 (398.489.000) 02/11 13:11:26 Image size of job updated: 1074225336
	43  -  MemoryUsage of job (MB)
	43552  -  ResidentSetSize of job (KB)
...
005 (398.489.000) 02/11 13:11:26 Job terminated.
	(1) Normal termination (return value 0)
		Usr 0 00:02:09, Sys 0 00:00:36  -  Run Remote Usage
		Usr 0 00:00:00, Sys 0 00:00:00  -  Run Local Usage
		Usr 0 00:02:09, Sys 0 00:00:36  -  Total Remote Usage
		Usr 0 00:00:00, Sys 0 00:00:00  -  Total Local Usage
	0  -  Run Bytes Sent By Job
	0  -  Run Bytes Received By Job
	0  -  Total Bytes Sent By Job
	0  -  Total Bytes Received By Job
	Partitionable Resources :    Usage  Request Allocated 
	   Cpus                 :     0.00        1         1 
	   Disk (KB)            :     1           1  19622548 
	   Memory (MB)          :    43           1      6000 
...
