000 (398.413.000) 02/11 09:45:05 Job submitted from host: <10.0.8.10:9618?addrs=10.0.8.10-9618&noUDP&sock=3696752_f7c3_3>
...
001 (398.413.000) 02/11 12:10:03 Job executing on host: <10.0.9.3:9618?addrs=10.0.9.3-9618&noUDP&sock=1064_64db_3>
...
006 (398.413.000) 02/11 12:10:13 Image size of job updated: 7512
	8  -  MemoryUsage of job (MB)
	7512  -  ResidentSetSize of job (KB)
...
006 (398.413.000) 02/11 12:15:14 Image size of job updated: 27848
	28  -  MemoryUsage of job (MB)
	27848  -  ResidentSetSize of job (KB)
...
006 (398.413.000) 02/11 12:34:25 Image size of job updated: 1074179164
	28  -  MemoryUsage of job (MB)
	27848  -  ResidentSetSize of job (KB)
...
005 (398.413.000) 02/11 12:34:25 Job terminated.
	(1) Normal termination (return value 1)
		Usr 0 00:01:48, Sys 0 00:00:31  -  Run Remote Usage
		Usr 0 00:00:00, Sys 0 00:00:00  -  Run Local Usage
		Usr 0 00:01:48, Sys 0 00:00:31  -  Total Remote Usage
		Usr 0 00:00:00, Sys 0 00:00:00  -  Total Local Usage
	0  -  Run Bytes Sent By Job
	0  -  Run Bytes Received By Job
	0  -  Total Bytes Sent By Job
	0  -  Total Bytes Received By Job
	Partitionable Resources :    Usage  Request Allocated 
	   Cpus                 :     0.01        1         1 
	   Disk (KB)            :     1           1  19623598 
	   Memory (MB)          :    28           1      6000 
...
