000 (398.168.000) 02/11 09:45:05 Job submitted from host: <10.0.8.10:9618?addrs=10.0.8.10-9618&noUDP&sock=3696752_f7c3_3>
...
001 (398.168.000) 02/11 10:42:15 Job executing on host: <10.0.9.1:9618?addrs=10.0.9.1-9618&noUDP&sock=1544_a251_3>
...
006 (398.168.000) 02/11 10:42:23 Image size of job updated: 29208
	29  -  MemoryUsage of job (MB)
	29208  -  ResidentSetSize of job (KB)
...
006 (398.168.000) 02/11 10:52:24 Image size of job updated: 1074168100
	32  -  MemoryUsage of job (MB)
	32292  -  ResidentSetSize of job (KB)
...
006 (398.168.000) 02/11 10:55:04 Image size of job updated: 1074190228
	32  -  MemoryUsage of job (MB)
	32292  -  ResidentSetSize of job (KB)
...
005 (398.168.000) 02/11 10:55:04 Job terminated.
	(1) Normal termination (return value 128)
		Usr 0 00:00:41, Sys 0 00:00:31  -  Run Remote Usage
		Usr 0 00:00:00, Sys 0 00:00:00  -  Run Local Usage
		Usr 0 00:00:41, Sys 0 00:00:31  -  Total Remote Usage
		Usr 0 00:00:00, Sys 0 00:00:00  -  Total Local Usage
	0  -  Run Bytes Sent By Job
	0  -  Run Bytes Received By Job
	0  -  Total Bytes Sent By Job
	0  -  Total Bytes Received By Job
	Partitionable Resources :    Usage  Request Allocated 
	   Cpus                 :        0        1         1 
	   Disk (KB)            :        1        1    286452 
	   Memory (MB)          :       32        1       128 
...
