000 (398.340.000) 02/11 09:45:05 Job submitted from host: <10.0.8.10:9618?addrs=10.0.8.10-9618&noUDP&sock=3696752_f7c3_3>
...
001 (398.340.000) 02/11 11:42:44 Job executing on host: <10.0.9.1:9618?addrs=10.0.9.1-9618&noUDP&sock=1544_a251_3>
...
006 (398.340.000) 02/11 11:42:53 Image size of job updated: 28844
	29  -  MemoryUsage of job (MB)
	28844  -  ResidentSetSize of job (KB)
...
006 (398.340.000) 02/11 11:47:54 Image size of job updated: 28944
	29  -  MemoryUsage of job (MB)
	28944  -  ResidentSetSize of job (KB)
...
006 (398.340.000) 02/11 11:57:54 Image size of job updated: 1074123844
	31  -  MemoryUsage of job (MB)
	31208  -  ResidentSetSize of job (KB)
...
006 (398.340.000) 02/11 12:00:43 Image size of job updated: 1074145972
	31  -  MemoryUsage of job (MB)
	31208  -  ResidentSetSize of job (KB)
...
005 (398.340.000) 02/11 12:00:43 Job terminated.
	(1) Normal termination (return value 128)
		Usr 0 00:00:50, Sys 0 00:00:37  -  Run Remote Usage
		Usr 0 00:00:00, Sys 0 00:00:00  -  Run Local Usage
		Usr 0 00:00:50, Sys 0 00:00:37  -  Total Remote Usage
		Usr 0 00:00:00, Sys 0 00:00:00  -  Total Local Usage
	0  -  Run Bytes Sent By Job
	0  -  Run Bytes Received By Job
	0  -  Total Bytes Sent By Job
	0  -  Total Bytes Received By Job
	Partitionable Resources :    Usage  Request Allocated 
	   Cpus                 :     0.00        1         1 
	   Disk (KB)            :     1           1    286452 
	   Memory (MB)          :    31           1       128 
...
