000 (398.333.000) 02/11 09:45:05 Job submitted from host: <10.0.8.10:9618?addrs=10.0.8.10-9618&noUDP&sock=3696752_f7c3_3>
...
001 (398.333.000) 02/11 11:40:40 Job executing on host: <10.0.9.3:9618?addrs=10.0.9.3-9618&noUDP&sock=1064_64db_3>
...
006 (398.333.000) 02/11 11:40:48 Image size of job updated: 28148
	28  -  MemoryUsage of job (MB)
	28148  -  ResidentSetSize of job (KB)
...
006 (398.333.000) 02/11 11:45:48 Image size of job updated: 28156
	28  -  MemoryUsage of job (MB)
	28156  -  ResidentSetSize of job (KB)
...
006 (398.333.000) 02/11 12:10:51 Image size of job updated: 1074123844
	31  -  MemoryUsage of job (MB)
	30920  -  ResidentSetSize of job (KB)
...
006 (398.333.000) 02/11 12:11:48 Image size of job updated: 1074179196
	31  -  MemoryUsage of job (MB)
	30920  -  ResidentSetSize of job (KB)
...
005 (398.333.000) 02/11 12:11:48 Job terminated.
	(1) Normal termination (return value 0)
		Usr 0 00:02:12, Sys 0 00:00:44  -  Run Remote Usage
		Usr 0 00:00:00, Sys 0 00:00:00  -  Run Local Usage
		Usr 0 00:02:12, Sys 0 00:00:44  -  Total Remote Usage
		Usr 0 00:00:00, Sys 0 00:00:00  -  Total Local Usage
	0  -  Run Bytes Sent By Job
	0  -  Run Bytes Received By Job
	0  -  Total Bytes Sent By Job
	0  -  Total Bytes Received By Job
	Partitionable Resources :    Usage  Request Allocated 
	   Cpus                 :     0.18        1         1 
	   Disk (KB)            :     1           1  19623598 
	   Memory (MB)          :    31           1      6000 
...
