000 (398.020.000) 02/11 09:45:04 Job submitted from host: <10.0.8.10:9618?addrs=10.0.8.10-9618&noUDP&sock=3696752_f7c3_3>
...
001 (398.020.000) 02/11 09:45:14 Job executing on host: <10.0.9.4:9618?addrs=10.0.9.4-9618&noUDP&sock=1035_809c_3>
...
006 (398.020.000) 02/11 09:45:22 Image size of job updated: 28792
	29  -  MemoryUsage of job (MB)
	28792  -  ResidentSetSize of job (KB)
...
006 (398.020.000) 02/11 09:50:22 Image size of job updated: 29912
	30  -  MemoryUsage of job (MB)
	29912  -  ResidentSetSize of job (KB)
...
006 (398.020.000) 02/11 10:15:25 Image size of job updated: 1074123844
	32  -  MemoryUsage of job (MB)
	32652  -  ResidentSetSize of job (KB)
...
006 (398.020.000) 02/11 10:17:26 Image size of job updated: 1074168100
	32  -  MemoryUsage of job (MB)
	32652  -  ResidentSetSize of job (KB)
...
005 (398.020.000) 02/11 10:17:26 Job terminated.
	(1) Normal termination (return value 128)
		Usr 0 00:02:08, Sys 0 00:00:41  -  Run Remote Usage
		Usr 0 00:00:00, Sys 0 00:00:00  -  Run Local Usage
		Usr 0 00:02:08, Sys 0 00:00:41  -  Total Remote Usage
		Usr 0 00:00:00, Sys 0 00:00:00  -  Total Local Usage
	0  -  Run Bytes Sent By Job
	0  -  Run Bytes Received By Job
	0  -  Total Bytes Sent By Job
	0  -  Total Bytes Received By Job
	Partitionable Resources :    Usage  Request Allocated 
	   Cpus                 :     0.07        1         1 
	   Disk (KB)            :     1           1  19622548 
	   Memory (MB)          :    32           1      6000 
...
