000 (398.009.000) 02/11 09:45:04 Job submitted from host: <10.0.8.10:9618?addrs=10.0.8.10-9618&noUDP&sock=3696752_f7c3_3>
...
001 (398.009.000) 02/11 09:45:14 Job executing on host: <10.0.9.3:9618?addrs=10.0.9.3-9618&noUDP&sock=1064_64db_3>
...
006 (398.009.000) 02/11 09:45:22 Image size of job updated: 28812
	29  -  MemoryUsage of job (MB)
	28812  -  ResidentSetSize of job (KB)
...
006 (398.009.000) 02/11 10:04:40 Image size of job updated: 1074145972
	29  -  MemoryUsage of job (MB)
	28812  -  ResidentSetSize of job (KB)
...
005 (398.009.000) 02/11 10:04:40 Job terminated.
	(1) Normal termination (return value 128)
		Usr 0 00:01:27, Sys 0 00:00:28  -  Run Remote Usage
		Usr 0 00:00:00, Sys 0 00:00:00  -  Run Local Usage
		Usr 0 00:01:27, Sys 0 00:00:28  -  Total Remote Usage
		Usr 0 00:00:00, Sys 0 00:00:00  -  Total Local Usage
	0  -  Run Bytes Sent By Job
	0  -  Run Bytes Received By Job
	0  -  Total Bytes Sent By Job
	0  -  Total Bytes Received By Job
	Partitionable Resources :    Usage  Request Allocated 
	   Cpus                 :     0.23        1         1 
	   Disk (KB)            :     1           1  19623598 
	   Memory (MB)          :    29           1      6000 
...
