000 (398.455.000) 02/11 09:45:05 Job submitted from host: <10.0.8.10:9618?addrs=10.0.8.10-9618&noUDP&sock=3696752_f7c3_3>
...
001 (398.455.000) 02/11 12:39:50 Job executing on host: <10.0.9.3:9618?addrs=10.0.9.3-9618&noUDP&sock=1064_64db_3>
...
006 (398.455.000) 02/11 12:39:58 Image size of job updated: 27684
	28  -  MemoryUsage of job (MB)
	27684  -  ResidentSetSize of job (KB)
...
006 (398.455.000) 02/11 12:44:58 Image size of job updated: 28872
	28  -  MemoryUsage of job (MB)
	28608  -  ResidentSetSize of job (KB)
...
006 (398.455.000) 02/11 12:49:59 Image size of job updated: 28908
	28  -  MemoryUsage of job (MB)
	28644  -  ResidentSetSize of job (KB)
...
006 (398.455.000) 02/11 13:00:00 Image size of job updated: 28916
	28  -  MemoryUsage of job (MB)
	28652  -  ResidentSetSize of job (KB)
...
006 (398.455.000) 02/11 13:10:01 Image size of job updated: 1074123844
	31  -  MemoryUsage of job (MB)
	30836  -  ResidentSetSize of job (KB)
...
006 (398.455.000) 02/11 13:11:16 Image size of job updated: 1074202784
	31  -  MemoryUsage of job (MB)
	30836  -  ResidentSetSize of job (KB)
...
005 (398.455.000) 02/11 13:11:16 Job terminated.
	(1) Normal termination (return value 0)
		Usr 0 00:01:45, Sys 0 00:00:39  -  Run Remote Usage
		Usr 0 00:00:00, Sys 0 00:00:00  -  Run Local Usage
		Usr 0 00:01:45, Sys 0 00:00:39  -  Total Remote Usage
		Usr 0 00:00:00, Sys 0 00:00:00  -  Total Local Usage
	0  -  Run Bytes Sent By Job
	0  -  Run Bytes Received By Job
	0  -  Total Bytes Sent By Job
	0  -  Total Bytes Received By Job
	Partitionable Resources :    Usage  Request Allocated 
	   Cpus                 :        0        1         1 
	   Disk (KB)            :        1        1  19623598 
	   Memory (MB)          :       31        1      6000 
...
