000 (398.366.000) 02/11 09:45:05 Job submitted from host: <10.0.8.10:9618?addrs=10.0.8.10-9618&noUDP&sock=3696752_f7c3_3>
...
001 (398.366.000) 02/11 11:57:00 Job executing on host: <10.0.9.3:9618?addrs=10.0.9.3-9618&noUDP&sock=1064_64db_3>
...
006 (398.366.000) 02/11 11:57:09 Image size of job updated: 28588
	28  -  MemoryUsage of job (MB)
	28588  -  ResidentSetSize of job (KB)
...
006 (398.366.000) 02/11 12:02:10 Image size of job updated: 28716
	29  -  MemoryUsage of job (MB)
	28716  -  ResidentSetSize of job (KB)
...
006 (398.366.000) 02/11 12:17:11 Image size of job updated: 1074123844
	30  -  MemoryUsage of job (MB)
	30564  -  ResidentSetSize of job (KB)
...
006 (398.366.000) 02/11 12:18:02 Image size of job updated: 1074213880
	30  -  MemoryUsage of job (MB)
	30564  -  ResidentSetSize of job (KB)
...
005 (398.366.000) 02/11 12:18:02 Job terminated.
	(1) Normal termination (return value 0)
		Usr 0 00:01:38, Sys 0 00:00:30  -  Run Remote Usage
		Usr 0 00:00:00, Sys 0 00:00:00  -  Run Local Usage
		Usr 0 00:01:38, Sys 0 00:00:30  -  Total Remote Usage
		Usr 0 00:00:00, Sys 0 00:00:00  -  Total Local Usage
	0  -  Run Bytes Sent By Job
	0  -  Run Bytes Received By Job
	0  -  Total Bytes Sent By Job
	0  -  Total Bytes Received By Job
	Partitionable Resources :    Usage  Request Allocated 
	   Cpus                 :     0.20        1         1 
	   Disk (KB)            :     1           1  19623598 
	   Memory (MB)          :    30           1      6000 
...
