000 (398.490.000) 02/11 09:45:05 Job submitted from host: <10.0.8.10:9618?addrs=10.0.8.10-9618&noUDP&sock=3696752_f7c3_3>
...
001 (398.490.000) 02/11 12:45:49 Job executing on host: <10.0.9.4:9618?addrs=10.0.9.4-9618&noUDP&sock=1035_809c_3>
...
006 (398.490.000) 02/11 12:45:58 Image size of job updated: 28856
	29  -  MemoryUsage of job (MB)
	28724  -  ResidentSetSize of job (KB)
...
006 (398.490.000) 02/11 12:50:58 Image size of job updated: 29076
	29  -  MemoryUsage of job (MB)
	28944  -  ResidentSetSize of job (KB)
...
006 (398.490.000) 02/11 12:55:58 Image size of job updated: 29160
	29  -  MemoryUsage of job (MB)
	29028  -  ResidentSetSize of job (KB)
...
006 (398.490.000) 02/11 13:11:00 Image size of job updated: 1074123844
	32  -  MemoryUsage of job (MB)
	31856  -  ResidentSetSize of job (KB)
...
006 (398.490.000) 02/11 13:11:26 Image size of job updated: 1074184740
	32  -  MemoryUsage of job (MB)
	31856  -  ResidentSetSize of job (KB)
...
005 (398.490.000) 02/11 13:11:26 Job terminated.
	(1) Normal termination (return value 128)
		Usr 0 00:01:55, Sys 0 00:00:36  -  Run Remote Usage
		Usr 0 00:00:00, Sys 0 00:00:00  -  Run Local Usage
		Usr 0 00:01:55, Sys 0 00:00:36  -  Total Remote Usage
		Usr 0 00:00:00, Sys 0 00:00:00  -  Total Local Usage
	0  -  Run Bytes Sent By Job
	0  -  Run Bytes Received By Job
	0  -  Total Bytes Sent By Job
	0  -  Total Bytes Received By Job
	Partitionable Resources :    Usage  Request Allocated 
	   Cpus                 :     0.15        1         1 
	   Disk (KB)            :     1           1  19622548 
	   Memory (MB)          :    32           1      6000 
...
