000 (398.282.000) 02/11 09:45:05 Job submitted from host: <10.0.8.10:9618?addrs=10.0.8.10-9618&noUDP&sock=3696752_f7c3_3>
...
001 (398.282.000) 02/11 11:23:22 Job executing on host: <10.0.9.3:9618?addrs=10.0.9.3-9618&noUDP&sock=1064_64db_3>
...
006 (398.282.000) 02/11 11:23:30 Image size of job updated: 4092
	4  -  MemoryUsage of job (MB)
	3960  -  ResidentSetSize of job (KB)
...
006 (398.282.000) 02/11 11:28:30 Image size of job updated: 28496
	28  -  MemoryUsage of job (MB)
	28232  -  ResidentSetSize of job (KB)
...
006 (398.282.000) 02/11 11:53:33 Image size of job updated: 1074184860
	32  -  MemoryUsage of job (MB)
	31972  -  ResidentSetSize of job (KB)
...
006 (398.282.000) 02/11 11:58:34 Image size of job updated: 1074202784
	40  -  MemoryUsage of job (MB)
	39980  -  ResidentSetSize of job (KB)
...
006 (398.282.000) 02/11 12:00:59 Image size of job updated: 1074225248
	40  -  MemoryUsage of job (MB)
	39980  -  ResidentSetSize of job (KB)
...
005 (398.282.000) 02/11 12:00:59 Job terminated.
	(1) Normal termination (return value 0)
		Usr 0 00:02:13, Sys 0 00:00:39  -  Run Remote Usage
		Usr 0 00:00:00, Sys 0 00:00:00  -  Run Local Usage
		Usr 0 00:02:13, Sys 0 00:00:39  -  Total Remote Usage
		Usr 0 00:00:00, Sys 0 00:00:00  -  Total Local Usage
	0  -  Run Bytes Sent By Job
	0  -  Run Bytes Received By Job
	0  -  Total Bytes Sent By Job
	0  -  Total Bytes Received By Job
	Partitionable Resources :    Usage  Request Allocated 
	   Cpus                 :     0.00        1         1 
	   Disk (KB)            :     1           1  19623598 
	   Memory (MB)          :    40           1      6000 
...
