000 (398.012.000) 02/11 09:45:04 Job submitted from host: <10.0.8.10:9618?addrs=10.0.8.10-9618&noUDP&sock=3696752_f7c3_3>
...
001 (398.012.000) 02/11 09:45:13 Job executing on host: <10.0.9.4:9618?addrs=10.0.9.4-9618&noUDP&sock=1035_809c_3>
...
006 (398.012.000) 02/11 09:45:22 Image size of job updated: 27924
	28  -  MemoryUsage of job (MB)
	27924  -  ResidentSetSize of job (KB)
...
006 (398.012.000) 02/11 09:50:23 Image size of job updated: 28052
	28  -  MemoryUsage of job (MB)
	28052  -  ResidentSetSize of job (KB)
...
006 (398.012.000) 02/11 10:09:18 Image size of job updated: 1074123844
	28  -  MemoryUsage of job (MB)
	28052  -  ResidentSetSize of job (KB)
...
005 (398.012.000) 02/11 10:09:18 Job terminated.
	(1) Normal termination (return value 1)
		Usr 0 00:01:46, Sys 0 00:00:34  -  Run Remote Usage
		Usr 0 00:00:00, Sys 0 00:00:00  -  Run Local Usage
		Usr 0 00:01:46, Sys 0 00:00:34  -  Total Remote Usage
		Usr 0 00:00:00, Sys 0 00:00:00  -  Total Local Usage
	0  -  Run Bytes Sent By Job
	0  -  Run Bytes Received By Job
	0  -  Total Bytes Sent By Job
	0  -  Total Bytes Received By Job
	Partitionable Resources :    Usage  Request Allocated 
	   Cpus                 :     0.09        1         1 
	   Disk (KB)            :     1           1  19622548 
	   Memory (MB)          :    28           1      6000 
...
