000 (398.260.000) 02/11 09:45:05 Job submitted from host: <10.0.8.10:9618?addrs=10.0.8.10-9618&noUDP&sock=3696752_f7c3_3>
...
001 (398.260.000) 02/11 11:12:16 Job executing on host: <10.0.9.3:9618?addrs=10.0.9.3-9618&noUDP&sock=1064_64db_3>
...
006 (398.260.000) 02/11 11:12:24 Image size of job updated: 28788
	29  -  MemoryUsage of job (MB)
	28788  -  ResidentSetSize of job (KB)
...
006 (398.260.000) 02/11 11:37:25 Image size of job updated: 1074190488
	30  -  MemoryUsage of job (MB)
	30544  -  ResidentSetSize of job (KB)
...
006 (398.260.000) 02/11 11:37:28 Image size of job updated: 1074225612
	30  -  MemoryUsage of job (MB)
	30544  -  ResidentSetSize of job (KB)
...
005 (398.260.000) 02/11 11:37:28 Job terminated.
	(1) Normal termination (return value 0)
		Usr 0 00:01:58, Sys 0 00:00:33  -  Run Remote Usage
		Usr 0 00:00:00, Sys 0 00:00:00  -  Run Local Usage
		Usr 0 00:01:58, Sys 0 00:00:33  -  Total Remote Usage
		Usr 0 00:00:00, Sys 0 00:00:00  -  Total Local Usage
	0  -  Run Bytes Sent By Job
	0  -  Run Bytes Received By Job
	0  -  Total Bytes Sent By Job
	0  -  Total Bytes Received By Job
	Partitionable Resources :    Usage  Request Allocated 
	   Cpus                 :     0.12        1         1 
	   Disk (KB)            :     1           1  19623598 
	   Memory (MB)          :    30           1      6000 
...
