000 (398.191.000) 02/11 09:45:05 Job submitted from host: <10.0.8.10:9618?addrs=10.0.8.10-9618&noUDP&sock=3696752_f7c3_3>
...
001 (398.191.000) 02/11 10:53:20 Job executing on host: <10.0.9.4:9618?addrs=10.0.9.4-9618&noUDP&sock=1035_809c_3>
...
006 (398.191.000) 02/11 10:53:29 Image size of job updated: 8016
	8  -  MemoryUsage of job (MB)
	8016  -  ResidentSetSize of job (KB)
...
006 (398.191.000) 02/11 10:58:30 Image size of job updated: 28284
	28  -  MemoryUsage of job (MB)
	28284  -  ResidentSetSize of job (KB)
...
006 (398.191.000) 02/11 11:03:31 Image size of job updated: 28376
	28  -  MemoryUsage of job (MB)
	28376  -  ResidentSetSize of job (KB)
...
006 (398.191.000) 02/11 11:08:31 Image size of job updated: 28524
	28  -  MemoryUsage of job (MB)
	28524  -  ResidentSetSize of job (KB)
...
006 (398.191.000) 02/11 11:13:32 Image size of job updated: 1074123888
	31  -  MemoryUsage of job (MB)
	31692  -  ResidentSetSize of job (KB)
...
006 (398.191.000) 02/11 11:15:53 Image size of job updated: 1074161420
	31  -  MemoryUsage of job (MB)
	31692  -  ResidentSetSize of job (KB)
...
005 (398.191.000) 02/11 11:15:53 Job terminated.
	(1) Normal termination (return value 0)
		Usr 0 00:01:28, Sys 0 00:00:26  -  Run Remote Usage
		Usr 0 00:00:00, Sys 0 00:00:00  -  Run Local Usage
		Usr 0 00:01:28, Sys 0 00:00:26  -  Total Remote Usage
		Usr 0 00:00:00, Sys 0 00:00:00  -  Total Local Usage
	0  -  Run Bytes Sent By Job
	0  -  Run Bytes Received By Job
	0  -  Total Bytes Sent By Job
	0  -  Total Bytes Received By Job
	Partitionable Resources :    Usage  Request Allocated 
	   Cpus                 :        0        1         1 
	   Disk (KB)            :        1        1  19622548 
	   Memory (MB)          :       31        1      6000 
...
