000 (398.392.000) 02/11 09:45:05 Job submitted from host: <10.0.8.10:9618?addrs=10.0.8.10-9618&noUDP&sock=3696752_f7c3_3>
...
001 (398.392.000) 02/11 12:03:02 Job executing on host: <10.0.9.4:9618?addrs=10.0.9.4-9618&noUDP&sock=1035_809c_3>
...
006 (398.392.000) 02/11 12:03:11 Image size of job updated: 27168
	27  -  MemoryUsage of job (MB)
	27168  -  ResidentSetSize of job (KB)
...
006 (398.392.000) 02/11 12:08:12 Image size of job updated: 28240
	28  -  MemoryUsage of job (MB)
	28240  -  ResidentSetSize of job (KB)
...
006 (398.392.000) 02/11 12:13:12 Image size of job updated: 28248
	28  -  MemoryUsage of job (MB)
	28248  -  ResidentSetSize of job (KB)
...
006 (398.392.000) 02/11 12:28:14 Image size of job updated: 1074145972
	32  -  MemoryUsage of job (MB)
	32264  -  ResidentSetSize of job (KB)
...
006 (398.392.000) 02/11 12:33:09 Image size of job updated: 1074179268
	32  -  MemoryUsage of job (MB)
	32264  -  ResidentSetSize of job (KB)
...
005 (398.392.000) 02/11 12:33:09 Job terminated.
	(1) Normal termination (return value 1)
		Usr 0 00:01:47, Sys 0 00:00:31  -  Run Remote Usage
		Usr 0 00:00:00, Sys 0 00:00:00  -  Run Local Usage
		Usr 0 00:01:47, Sys 0 00:00:31  -  Total Remote Usage
		Usr 0 00:00:00, Sys 0 00:00:00  -  Total Local Usage
	0  -  Run Bytes Sent By Job
	0  -  Run Bytes Received By Job
	0  -  Total Bytes Sent By Job
	0  -  Total Bytes Received By Job
	Partitionable Resources :    Usage  Request Allocated 
	   Cpus                 :     0.00        1         1 
	   Disk (KB)            :     1           1  19622548 
	   Memory (MB)          :    32           1      6000 
...
