000 (398.119.000) 02/11 09:45:04 Job submitted from host: <10.0.8.10:9618?addrs=10.0.8.10-9618&noUDP&sock=3696752_f7c3_3>
...
001 (398.119.000) 02/11 10:20:14 Job executing on host: <10.0.9.3:9618?addrs=10.0.9.3-9618&noUDP&sock=1064_64db_3>
...
006 (398.119.000) 02/11 10:20:22 Image size of job updated: 28448
	28  -  MemoryUsage of job (MB)
	28448  -  ResidentSetSize of job (KB)
...
006 (398.119.000) 02/11 10:25:22 Image size of job updated: 28540
	28  -  MemoryUsage of job (MB)
	28540  -  ResidentSetSize of job (KB)
...
006 (398.119.000) 02/11 10:44:55 Image size of job updated: 1074149068
	28  -  MemoryUsage of job (MB)
	28540  -  ResidentSetSize of job (KB)
...
005 (398.119.000) 02/11 10:44:55 Job terminated.
	(1) Normal termination (return value 128)
		Usr 0 00:01:47, Sys 0 00:00:33  -  Run Remote Usage
		Usr 0 00:00:00, Sys 0 00:00:00  -  Run Local Usage
		Usr 0 00:01:47, Sys 0 00:00:33  -  Total Remote Usage
		Usr 0 00:00:00, Sys 0 00:00:00  -  Total Local Usage
	0  -  Run Bytes Sent By Job
	0  -  Run Bytes Received By Job
	0  -  Total Bytes Sent By Job
	0  -  Total Bytes Received By Job
	Partitionable Resources :    Usage  Request Allocated 
	   Cpus                 :        0        1         1 
	   Disk (KB)            :        1        1  19623598 
	   Memory (MB)          :       28        1      6000 
...
