000 (398.238.000) 02/11 09:45:05 Job submitted from host: <10.0.8.10:9618?addrs=10.0.8.10-9618&noUDP&sock=3696752_f7c3_3>
...
001 (398.238.000) 02/11 11:04:16 Job executing on host: <10.0.9.1:9618?addrs=10.0.9.1-9618&noUDP&sock=1544_a251_3>
...
006 (398.238.000) 02/11 11:04:24 Image size of job updated: 29116
	29  -  MemoryUsage of job (MB)
	29116  -  ResidentSetSize of job (KB)
...
006 (398.238.000) 02/11 11:09:24 Image size of job updated: 29124
	29  -  MemoryUsage of job (MB)
	29124  -  ResidentSetSize of job (KB)
...
006 (398.238.000) 02/11 11:19:26 Image size of job updated: 1074123844
	31  -  MemoryUsage of job (MB)
	31404  -  ResidentSetSize of job (KB)
...
005 (398.238.000) 02/11 11:19:30 Job terminated.
	(1) Normal termination (return value 128)
		Usr 0 00:00:48, Sys 0 00:00:37  -  Run Remote Usage
		Usr 0 00:00:00, Sys 0 00:00:00  -  Run Local Usage
		Usr 0 00:00:48, Sys 0 00:00:37  -  Total Remote Usage
		Usr 0 00:00:00, Sys 0 00:00:00  -  Total Local Usage
	0  -  Run Bytes Sent By Job
	0  -  Run Bytes Received By Job
	0  -  Total Bytes Sent By Job
	0  -  Total Bytes Received By Job
	Partitionable Resources :    Usage  Request Allocated 
	   Cpus                 :     0.99        1         1 
	   Disk (KB)            :     1           1    286452 
	   Memory (MB)          :    31           1       128 
...
