000 (398.385.000) 02/11 09:45:05 Job submitted from host: <10.0.8.10:9618?addrs=10.0.8.10-9618&noUDP&sock=3696752_f7c3_3>
...
001 (398.385.000) 02/11 12:01:01 Job executing on host: <10.0.9.1:9618?addrs=10.0.9.1-9618&noUDP&sock=1544_a251_3>
...
006 (398.385.000) 02/11 12:01:10 Image size of job updated: 28516
	28  -  MemoryUsage of job (MB)
	28516  -  ResidentSetSize of job (KB)
...
006 (398.385.000) 02/11 12:06:11 Image size of job updated: 28604
	28  -  MemoryUsage of job (MB)
	28604  -  ResidentSetSize of job (KB)
...
006 (398.385.000) 02/11 12:09:46 Image size of job updated: 1074123844
	28  -  MemoryUsage of job (MB)
	28604  -  ResidentSetSize of job (KB)
...
005 (398.385.000) 02/11 12:09:46 Job terminated.
	(1) Normal termination (return value 128)
		Usr 0 00:00:38, Sys 0 00:00:28  -  Run Remote Usage
		Usr 0 00:00:00, Sys 0 00:00:00  -  Run Local Usage
		Usr 0 00:00:38, Sys 0 00:00:28  -  Total Remote Usage
		Usr 0 00:00:00, Sys 0 00:00:00  -  Total Local Usage
	0  -  Run Bytes Sent By Job
	0  -  Run Bytes Received By Job
	0  -  Total Bytes Sent By Job
	0  -  Total Bytes Received By Job
	Partitionable Resources :    Usage  Request Allocated 
	   Cpus                 :     0.12        1         1 
	   Disk (KB)            :     1           1    286452 
	   Memory (MB)          :    28           1       128 
...
