000 (398.481.000) 02/11 09:45:05 Job submitted from host: <10.0.8.10:9618?addrs=10.0.8.10-9618&noUDP&sock=3696752_f7c3_3>
...
001 (398.481.000) 02/11 12:40:50 Job executing on host: <10.0.9.4:9618?addrs=10.0.9.4-9618&noUDP&sock=1035_809c_3>
...
006 (398.481.000) 02/11 12:40:58 Image size of job updated: 28348
	28  -  MemoryUsage of job (MB)
	28348  -  ResidentSetSize of job (KB)
...
006 (398.481.000) 02/11 12:50:59 Image size of job updated: 28372
	28  -  MemoryUsage of job (MB)
	28372  -  ResidentSetSize of job (KB)
...
006 (398.481.000) 02/11 12:56:00 Image size of job updated: 1074123844
	32  -  MemoryUsage of job (MB)
	31796  -  ResidentSetSize of job (KB)
...
006 (398.481.000) 02/11 12:58:09 Image size of job updated: 1074150188
	32  -  MemoryUsage of job (MB)
	31796  -  ResidentSetSize of job (KB)
...
005 (398.481.000) 02/11 12:58:09 Job terminated.
	(1) Normal termination (return value 0)
		Usr 0 00:01:33, Sys 0 00:00:27  -  Run Remote Usage
		Usr 0 00:00:00, Sys 0 00:00:00  -  Run Local Usage
		Usr 0 00:01:33, Sys 0 00:00:27  -  Total Remote Usage
		Usr 0 00:00:00, Sys 0 00:00:00  -  Total Local Usage
	0  -  Run Bytes Sent By Job
	0  -  Run Bytes Received By Job
	0  -  Total Bytes Sent By Job
	0  -  Total Bytes Received By Job
	Partitionable Resources :    Usage  Request Allocated 
	   Cpus                 :     0.01        1         1 
	   Disk (KB)            :     1           1  19622548 
	   Memory (MB)          :    32           1      6000 
...
