000 (398.011.000) 02/11 09:45:04 Job submitted from host: <10.0.8.10:9618?addrs=10.0.8.10-9618&noUDP&sock=3696752_f7c3_3>
...
001 (398.011.000) 02/11 09:45:14 Job executing on host: <10.0.9.3:9618?addrs=10.0.9.3-9618&noUDP&sock=1064_64db_3>
...
006 (398.011.000) 02/11 09:45:22 Image size of job updated: 28944
	29  -  MemoryUsage of job (MB)
	28944  -  ResidentSetSize of job (KB)
...
006 (398.011.000) 02/11 10:05:24 Image size of job updated: 1074190928
	32  -  MemoryUsage of job (MB)
	32636  -  ResidentSetSize of job (KB)
...
006 (398.011.000) 02/11 10:10:24 Image size of job updated: 1074202784
	41  -  MemoryUsage of job (MB)
	41564  -  ResidentSetSize of job (KB)
...
005 (398.011.000) 02/11 10:19:20 Job terminated.
	(1) Normal termination (return value 0)
		Usr 0 00:01:25, Sys 0 00:00:28  -  Run Remote Usage
		Usr 0 00:00:00, Sys 0 00:00:00  -  Run Local Usage
		Usr 0 00:01:25, Sys 0 00:00:28  -  Total Remote Usage
		Usr 0 00:00:00, Sys 0 00:00:00  -  Total Local Usage
	0  -  Run Bytes Sent By Job
	0  -  Run Bytes Received By Job
	0  -  Total Bytes Sent By Job
	0  -  Total Bytes Received By Job
	Partitionable Resources :    Usage  Request Allocated 
	   Cpus                 :     0.00        1         1 
	   Disk (KB)            :     1           1  19623598 
	   Memory (MB)          :    41           1      6000 
...
