000 (398.381.000) 02/11 09:45:05 Job submitted from host: <10.0.8.10:9618?addrs=10.0.8.10-9618&noUDP&sock=3696752_f7c3_3>
...
001 (398.381.000) 02/11 12:01:05 Job executing on host: <10.0.9.4:9618?addrs=10.0.9.4-9618&noUDP&sock=1035_809c_3>
...
006 (398.381.000) 02/11 12:01:13 Image size of job updated: 8060
	8  -  MemoryUsage of job (MB)
	8060  -  ResidentSetSize of job (KB)
...
006 (398.381.000) 02/11 12:06:13 Image size of job updated: 28432
	28  -  MemoryUsage of job (MB)
	28432  -  ResidentSetSize of job (KB)
...
006 (398.381.000) 02/11 12:31:16 Image size of job updated: 1074123844
	32  -  MemoryUsage of job (MB)
	31784  -  ResidentSetSize of job (KB)
...
006 (398.381.000) 02/11 12:34:24 Image size of job updated: 1074145972
	32  -  MemoryUsage of job (MB)
	31784  -  ResidentSetSize of job (KB)
...
005 (398.381.000) 02/11 12:34:25 Job terminated.
	(1) Normal termination (return value 1)
		Usr 0 00:02:02, Sys 0 00:00:36  -  Run Remote Usage
		Usr 0 00:00:00, Sys 0 00:00:00  -  Run Local Usage
		Usr 0 00:02:02, Sys 0 00:00:36  -  Total Remote Usage
		Usr 0 00:00:00, Sys 0 00:00:00  -  Total Local Usage
	0  -  Run Bytes Sent By Job
	0  -  Run Bytes Received By Job
	0  -  Total Bytes Sent By Job
	0  -  Total Bytes Received By Job
	Partitionable Resources :    Usage  Request Allocated 
	   Cpus                 :     0.00        1         1 
	   Disk (KB)            :     1           1  19622548 
	   Memory (MB)          :    32           1      6000 
...
