000 (398.356.000) 02/11 09:45:05 Job submitted from host: <10.0.8.10:9618?addrs=10.0.8.10-9618&noUDP&sock=3696752_f7c3_3>
...
001 (398.356.000) 02/11 11:56:03 Job executing on host: <10.0.9.4:9618?addrs=10.0.9.4-9618&noUDP&sock=1035_809c_3>
...
006 (398.356.000) 02/11 11:56:11 Image size of job updated: 7904
	8  -  MemoryUsage of job (MB)
	7904  -  ResidentSetSize of job (KB)
...
006 (398.356.000) 02/11 12:01:11 Image size of job updated: 28612
	28  -  MemoryUsage of job (MB)
	28612  -  ResidentSetSize of job (KB)
...
006 (398.356.000) 02/11 12:16:13 Image size of job updated: 1074123844
	33  -  MemoryUsage of job (MB)
	32816  -  ResidentSetSize of job (KB)
...
005 (398.356.000) 02/11 12:16:41 Job terminated.
	(1) Normal termination (return value 1)
		Usr 0 00:01:38, Sys 0 00:00:28  -  Run Remote Usage
		Usr 0 00:00:00, Sys 0 00:00:00  -  Run Local Usage
		Usr 0 00:01:38, Sys 0 00:00:28  -  Total Remote Usage
		Usr 0 00:00:00, Sys 0 00:00:00  -  Total Local Usage
	0  -  Run Bytes Sent By Job
	0  -  Run Bytes Received By Job
	0  -  Total Bytes Sent By Job
	0  -  Total Bytes Received By Job
	Partitionable Resources :    Usage  Request Allocated 
	   Cpus                 :     0.09        1         1 
	   Disk (KB)            :     1           1  19622548 
	   Memory (MB)          :    33           1      6000 
...
