000 (398.093.000) 02/11 09:45:04 Job submitted from host: <10.0.8.10:9618?addrs=10.0.8.10-9618&noUDP&sock=3696752_f7c3_3>
...
001 (398.093.000) 02/11 10:18:14 Job executing on host: <10.0.9.4:9618?addrs=10.0.9.4-9618&noUDP&sock=1035_809c_3>
...
006 (398.093.000) 02/11 10:18:22 Image size of job updated: 28712
	29  -  MemoryUsage of job (MB)
	28712  -  ResidentSetSize of job (KB)
...
006 (398.093.000) 02/11 10:23:22 Image size of job updated: 28756
	29  -  MemoryUsage of job (MB)
	28756  -  ResidentSetSize of job (KB)
...
006 (398.093.000) 02/11 10:48:25 Image size of job updated: 1074202784
	43  -  MemoryUsage of job (MB)
	43588  -  ResidentSetSize of job (KB)
...
006 (398.093.000) 02/11 10:51:21 Image size of job updated: 1074225080
	43  -  MemoryUsage of job (MB)
	43588  -  ResidentSetSize of job (KB)
...
005 (398.093.000) 02/11 10:51:21 Job terminated.
	(1) Normal termination (return value 0)
		Usr 0 00:01:47, Sys 0 00:00:39  -  Run Remote Usage
		Usr 0 00:00:00, Sys 0 00:00:00  -  Run Local Usage
		Usr 0 00:01:47, Sys 0 00:00:39  -  Total Remote Usage
		Usr 0 00:00:00, Sys 0 00:00:00  -  Total Local Usage
	0  -  Run Bytes Sent By Job
	0  -  Run Bytes Received By Job
	0  -  Total Bytes Sent By Job
	0  -  Total Bytes Received By Job
	Partitionable Resources :    Usage  Request Allocated 
	   Cpus                 :     0.00        1         1 
	   Disk (KB)            :     1           1  19622548 
	   Memory (MB)          :    43           1      6000 
...
