000 (398.294.000) 02/11 09:45:05 Job submitted from host: <10.0.8.10:9618?addrs=10.0.8.10-9618&noUDP&sock=3696752_f7c3_3>
...
001 (398.294.000) 02/11 11:26:16 Job executing on host: <10.0.9.1:9618?addrs=10.0.9.1-9618&noUDP&sock=1544_a251_3>
...
006 (398.294.000) 02/11 11:26:25 Image size of job updated: 29016
	29  -  MemoryUsage of job (MB)
	29016  -  ResidentSetSize of job (KB)
...
006 (398.294.000) 02/11 11:31:26 Image size of job updated: 29060
	29  -  MemoryUsage of job (MB)
	29060  -  ResidentSetSize of job (KB)
...
006 (398.294.000) 02/11 11:41:27 Image size of job updated: 1074145972
	40  -  MemoryUsage of job (MB)
	40232  -  ResidentSetSize of job (KB)
...
005 (398.294.000) 02/11 11:41:34 Job terminated.
	(1) Normal termination (return value 0)
		Usr 0 00:01:00, Sys 0 00:00:44  -  Run Remote Usage
		Usr 0 00:00:00, Sys 0 00:00:00  -  Run Local Usage
		Usr 0 00:01:00, Sys 0 00:00:44  -  Total Remote Usage
		Usr 0 00:00:00, Sys 0 00:00:00  -  Total Local Usage
	0  -  Run Bytes Sent By Job
	0  -  Run Bytes Received By Job
	0  -  Total Bytes Sent By Job
	0  -  Total Bytes Received By Job
	Partitionable Resources :    Usage  Request Allocated 
	   Cpus                 :     0.09        1         1 
	   Disk (KB)            :     1           1    286452 
	   Memory (MB)          :    40           1       128 
...
