000 (398.310.000) 02/11 09:45:05 Job submitted from host: <10.0.8.10:9618?addrs=10.0.8.10-9618&noUDP&sock=3696752_f7c3_3>
...
001 (398.310.000) 02/11 11:32:15 Job executing on host: <10.0.9.1:9618?addrs=10.0.9.1-9618&noUDP&sock=1544_a251_3>
...
006 (398.310.000) 02/11 11:32:24 Image size of job updated: 28672
	28  -  MemoryUsage of job (MB)
	28672  -  ResidentSetSize of job (KB)
...
006 (398.310.000) 02/11 11:37:25 Image size of job updated: 28740
	29  -  MemoryUsage of job (MB)
	28740  -  ResidentSetSize of job (KB)
...
006 (398.310.000) 02/11 11:42:25 Image size of job updated: 31752
	32  -  MemoryUsage of job (MB)
	31752  -  ResidentSetSize of job (KB)
...
006 (398.310.000) 02/11 11:42:46 Image size of job updated: 1074172336
	32  -  MemoryUsage of job (MB)
	31752  -  ResidentSetSize of job (KB)
...
005 (398.310.000) 02/11 11:42:46 Job terminated.
	(1) Normal termination (return value 0)
		Usr 0 00:00:41, Sys 0 00:00:29  -  Run Remote Usage
		Usr 0 00:00:00, Sys 0 00:00:00  -  Run Local Usage
		Usr 0 00:00:41, Sys 0 00:00:29  -  Total Remote Usage
		Usr 0 00:00:00, Sys 0 00:00:00  -  Total Local Usage
	0  -  Run Bytes Sent By Job
	0  -  Run Bytes Received By Job
	0  -  Total Bytes Sent By Job
	0  -  Total Bytes Received By Job
	Partitionable Resources :    Usage  Request Allocated 
	   Cpus                 :     0.01        1         1 
	   Disk (KB)            :     1           1    286452 
	   Memory (MB)          :    32           1       128 
...
