000 (398.286.000) 02/11 09:45:05 Job submitted from host: <10.0.8.10:9618?addrs=10.0.8.10-9618&noUDP&sock=3696752_f7c3_3>
...
001 (398.286.000) 02/11 11:26:18 Job executing on host: <10.0.9.3:9618?addrs=10.0.9.3-9618&noUDP&sock=1064_64db_3>
...
006 (398.286.000) 02/11 11:26:27 Image size of job updated: 7624
	8  -  MemoryUsage of job (MB)
	7624  -  ResidentSetSize of job (KB)
...
006 (398.286.000) 02/11 11:31:28 Image size of job updated: 28528
	28  -  MemoryUsage of job (MB)
	28528  -  ResidentSetSize of job (KB)
...
006 (398.286.000) 02/11 11:51:30 Image size of job updated: 1074123844
	41  -  MemoryUsage of job (MB)
	41556  -  ResidentSetSize of job (KB)
...
006 (398.286.000) 02/11 11:53:21 Image size of job updated: 1074225220
	41  -  MemoryUsage of job (MB)
	41556  -  ResidentSetSize of job (KB)
...
005 (398.286.000) 02/11 11:53:21 Job terminated.
	(1) Normal termination (return value 0)
		Usr 0 00:01:41, Sys 0 00:00:33  -  Run Remote Usage
		Usr 0 00:00:00, Sys 0 00:00:00  -  Run Local Usage
		Usr 0 00:01:41, Sys 0 00:00:33  -  Total Remote Usage
		Usr 0 00:00:00, Sys 0 00:00:00  -  Total Local Usage
	0  -  Run Bytes Sent By Job
	0  -  Run Bytes Received By Job
	0  -  Total Bytes Sent By Job
	0  -  Total Bytes Received By Job
	Partitionable Resources :    Usage  Request Allocated 
	   Cpus                 :     0.13        1         1 
	   Disk (KB)            :     1           1  19623598 
	   Memory (MB)          :    41           1      6000 
...
