000 (398.205.000) 02/11 09:45:05 Job submitted from host: <10.0.8.10:9618?addrs=10.0.8.10-9618&noUDP&sock=3696752_f7c3_3>
...
001 (398.205.000) 02/11 10:55:16 Job executing on host: <10.0.9.1:9618?addrs=10.0.9.1-9618&noUDP&sock=1544_a251_3>
...
006 (398.205.000) 02/11 10:55:25 Image size of job updated: 28864
	29  -  MemoryUsage of job (MB)
	28732  -  ResidentSetSize of job (KB)
...
006 (398.205.000) 02/11 11:00:26 Image size of job updated: 28908
	29  -  MemoryUsage of job (MB)
	28776  -  ResidentSetSize of job (KB)
...
006 (398.205.000) 02/11 11:09:05 Image size of job updated: 1074123844
	29  -  MemoryUsage of job (MB)
	28776  -  ResidentSetSize of job (KB)
...
005 (398.205.000) 02/11 11:09:05 Job terminated.
	(1) Normal termination (return value 1)
		Usr 0 00:00:53, Sys 0 00:00:38  -  Run Remote Usage
		Usr 0 00:00:00, Sys 0 00:00:00  -  Run Local Usage
		Usr 0 00:00:53, Sys 0 00:00:38  -  Total Remote Usage
		Usr 0 00:00:00, Sys 0 00:00:00  -  Total Local Usage
	0  -  Run Bytes Sent By Job
	0  -  Run Bytes Received By Job
	0  -  Total Bytes Sent By Job
	0  -  Total Bytes Received By Job
	Partitionable Resources :    Usage  Request Allocated 
	   Cpus                 :     0.06        1         1 
	   Disk (KB)            :     1           1    286452 
	   Memory (MB)          :    29           1       128 
...
