000 (398.302.000) 02/11 09:45:05 Job submitted from host: <10.0.8.10:9618?addrs=10.0.8.10-9618&noUDP&sock=3696752_f7c3_3>
...
001 (398.302.000) 02/11 11:30:23 Job executing on host: <10.0.9.3:9618?addrs=10.0.9.3-9618&noUDP&sock=1064_64db_3>
...
006 (398.302.000) 02/11 11:30:33 Image size of job updated: 3960
	4  -  MemoryUsage of job (MB)
	3960  -  ResidentSetSize of job (KB)
...
006 (398.302.000) 02/11 11:35:33 Image size of job updated: 27924
	28  -  MemoryUsage of job (MB)
	27924  -  ResidentSetSize of job (KB)
...
006 (398.302.000) 02/11 11:40:34 Image size of job updated: 27984
	28  -  MemoryUsage of job (MB)
	27984  -  ResidentSetSize of job (KB)
...
006 (398.302.000) 02/11 11:55:35 Image size of job updated: 1074123844
	32  -  MemoryUsage of job (MB)
	32104  -  ResidentSetSize of job (KB)
...
006 (398.302.000) 02/11 11:56:22 Image size of job updated: 1074179164
	32  -  MemoryUsage of job (MB)
	32104  -  ResidentSetSize of job (KB)
...
005 (398.302.000) 02/11 11:56:22 Job terminated.
	(1) Normal termination (return value 1)
		Usr 0 00:01:40, Sys 0 00:00:31  -  Run Remote Usage
		Usr 0 00:00:00, Sys 0 00:00:00  -  Run Local Usage
		Usr 0 00:01:40, Sys 0 00:00:31  -  Total Remote Usage
		Usr 0 00:00:00, Sys 0 00:00:00  -  Total Local Usage
	0  -  Run Bytes Sent By Job
	0  -  Run Bytes Received By Job
	0  -  Total Bytes Sent By Job
	0  -  Total Bytes Received By Job
	Partitionable Resources :    Usage  Request Allocated 
	   Cpus                 :        0        1         1 
	   Disk (KB)            :        1        1  19623598 
	   Memory (MB)          :       32        1      6000 
...
