000 (398.337.000) 02/11 09:45:05 Job submitted from host: <10.0.8.10:9618?addrs=10.0.8.10-9618&noUDP&sock=3696752_f7c3_3>
...
001 (398.337.000) 02/11 11:40:40 Job executing on host: <10.0.9.1:9618?addrs=10.0.9.1-9618&noUDP&sock=1544_a251_3>
...
006 (398.337.000) 02/11 11:40:49 Image size of job updated: 29208
	29  -  MemoryUsage of job (MB)
	29208  -  ResidentSetSize of job (KB)
...
006 (398.337.000) 02/11 11:45:50 Image size of job updated: 29364
	29  -  MemoryUsage of job (MB)
	29364  -  ResidentSetSize of job (KB)
...
006 (398.337.000) 02/11 11:53:34 Image size of job updated: 1074168100
	29  -  MemoryUsage of job (MB)
	29364  -  ResidentSetSize of job (KB)
...
005 (398.337.000) 02/11 11:53:34 Job terminated.
	(1) Normal termination (return value 128)
		Usr 0 00:00:36, Sys 0 00:00:26  -  Run Remote Usage
		Usr 0 00:00:00, Sys 0 00:00:00  -  Run Local Usage
		Usr 0 00:00:36, Sys 0 00:00:26  -  Total Remote Usage
		Usr 0 00:00:00, Sys 0 00:00:00  -  Total Local Usage
	0  -  Run Bytes Sent By Job
	0  -  Run Bytes Received By Job
	0  -  Total Bytes Sent By Job
	0  -  Total Bytes Received By Job
	Partitionable Resources :    Usage  Request Allocated 
	   Cpus                 :     0.00        1         1 
	   Disk (KB)            :     1           1    286452 
	   Memory (MB)          :    29           1       128 
...
