000 (398.203.000) 02/11 09:45:05 Job submitted from host: <10.0.8.10:9618?addrs=10.0.8.10-9618&noUDP&sock=3696752_f7c3_3>
...
001 (398.203.000) 02/11 10:55:17 Job executing on host: <10.0.9.3:9618?addrs=10.0.9.3-9618&noUDP&sock=1064_64db_3>
...
006 (398.203.000) 02/11 10:55:26 Image size of job updated: 8804
	9  -  MemoryUsage of job (MB)
	8672  -  ResidentSetSize of job (KB)
...
006 (398.203.000) 02/11 11:00:27 Image size of job updated: 28696
	28  -  MemoryUsage of job (MB)
	28564  -  ResidentSetSize of job (KB)
...
006 (398.203.000) 02/11 11:05:27 Image size of job updated: 28796
	28  -  MemoryUsage of job (MB)
	28664  -  ResidentSetSize of job (KB)
...
006 (398.203.000) 02/11 11:15:28 Image size of job updated: 28828
	29  -  MemoryUsage of job (MB)
	28696  -  ResidentSetSize of job (KB)
...
006 (398.203.000) 02/11 11:20:28 Image size of job updated: 1074123844
	31  -  MemoryUsage of job (MB)
	31596  -  ResidentSetSize of job (KB)
...
006 (398.203.000) 02/11 11:25:28 Image size of job updated: 1074190508
	33  -  MemoryUsage of job (MB)
	33384  -  ResidentSetSize of job (KB)
...
006 (398.203.000) 02/11 11:29:22 Image size of job updated: 1074225104
	33  -  MemoryUsage of job (MB)
	33384  -  ResidentSetSize of job (KB)
...
005 (398.203.000) 02/11 11:29:22 Job terminated.
	(1) Normal termination (return value 0)
		Usr 0 00:01:42, Sys 0 00:00:34  -  Run Remote Usage
		Usr 0 00:00:00, Sys 0 00:00:00  -  Run Local Usage
		Usr 0 00:01:42, Sys 0 00:00:34  -  Total Remote Usage
		Usr 0 00:00:00, Sys 0 00:00:00  -  Total Local Usage
	0  -  Run Bytes Sent By Job
	0  -  Run Bytes Received By Job
	0  -  Total Bytes Sent By Job
	0  -  Total Bytes Received By Job
	Partitionable Resources :    Usage  Request Allocated 
	   Cpus                 :     0.00        1         1 
	   Disk (KB)            :     1           1  19623598 
	   Memory (MB)          :    33           1      6000 
...
