000 (398.277.000) 02/11 09:45:05 Job submitted from host: <10.0.8.10:9618?addrs=10.0.8.10-9618&noUDP&sock=3696752_f7c3_3>
...
001 (398.277.000) 02/11 11:20:23 Job executing on host: <10.0.9.1:9618?addrs=10.0.9.1-9618&noUDP&sock=1544_a251_3>
...
006 (398.277.000) 02/11 11:20:31 Image size of job updated: 28448
	28  -  MemoryUsage of job (MB)
	28316  -  ResidentSetSize of job (KB)
...
006 (398.277.000) 02/11 11:25:31 Image size of job updated: 28512
	28  -  MemoryUsage of job (MB)
	28380  -  ResidentSetSize of job (KB)
...
006 (398.277.000) 02/11 11:33:20 Image size of job updated: 1074123844
	28  -  MemoryUsage of job (MB)
	28380  -  ResidentSetSize of job (KB)
...
005 (398.277.000) 02/11 11:33:21 Job terminated.
	(1) Normal termination (return value 128)
		Usr 0 00:00:42, Sys 0 00:00:29  -  Run Remote Usage
		Usr 0 00:00:00, Sys 0 00:00:00  -  Run Local Usage
		Usr 0 00:00:42, Sys 0 00:00:29  -  Total Remote Usage
		Usr 0 00:00:00, Sys 0 00:00:00  -  Total Local Usage
	0  -  Run Bytes Sent By Job
	0  -  Run Bytes Received By Job
	0  -  Total Bytes Sent By Job
	0  -  Total Bytes Received By Job
	Partitionable Resources :    Usage  Request Allocated 
	   Cpus                 :     0.93        1         1 
	   Disk (KB)            :     1           1    286452 
	   Memory (MB)          :    28           1       128 
...
