000 (398.154.000) 02/11 09:45:04 Job submitted from host: <10.0.8.10:9618?addrs=10.0.8.10-9618&noUDP&sock=3696752_f7c3_3>
...
001 (398.154.000) 02/11 10:34:14 Job executing on host: <10.0.9.3:9618?addrs=10.0.9.3-9618&noUDP&sock=1064_64db_3>
...
006 (398.154.000) 02/11 10:34:22 Image size of job updated: 28424
	28  -  MemoryUsage of job (MB)
	28292  -  ResidentSetSize of job (KB)
...
006 (398.154.000) 02/11 10:39:22 Image size of job updated: 28432
	28  -  MemoryUsage of job (MB)
	28300  -  ResidentSetSize of job (KB)
...
006 (398.154.000) 02/11 10:44:22 Image size of job updated: 28448
	28  -  MemoryUsage of job (MB)
	28316  -  ResidentSetSize of job (KB)
...
006 (398.154.000) 02/11 11:09:26 Image size of job updated: 1074123844
	31  -  MemoryUsage of job (MB)
	31324  -  ResidentSetSize of job (KB)
...
005 (398.154.000) 02/11 11:11:43 Job terminated.
	(1) Normal termination (return value 1)
		Usr 0 00:02:21, Sys 0 00:00:46  -  Run Remote Usage
		Usr 0 00:00:00, Sys 0 00:00:00  -  Run Local Usage
		Usr 0 00:02:21, Sys 0 00:00:46  -  Total Remote Usage
		Usr 0 00:00:00, Sys 0 00:00:00  -  Total Local Usage
	0  -  Run Bytes Sent By Job
	0  -  Run Bytes Received By Job
	0  -  Total Bytes Sent By Job
	0  -  Total Bytes Received By Job
	Partitionable Resources :    Usage  Request Allocated 
	   Cpus                 :     0.08        1         1 
	   Disk (KB)            :     1           1  19623598 
	   Memory (MB)          :    31           1      6000 
...
