000 (398.178.000) 02/11 09:45:05 Job submitted from host: <10.0.8.10:9618?addrs=10.0.8.10-9618&noUDP&sock=3696752_f7c3_3>
...
001 (398.178.000) 02/11 10:45:19 Job executing on host: <10.0.9.3:9618?addrs=10.0.9.3-9618&noUDP&sock=1064_64db_3>
...
006 (398.178.000) 02/11 10:45:27 Image size of job updated: 3960
	4  -  MemoryUsage of job (MB)
	3828  -  ResidentSetSize of job (KB)
...
006 (398.178.000) 02/11 10:50:27 Image size of job updated: 29148
	29  -  MemoryUsage of job (MB)
	28884  -  ResidentSetSize of job (KB)
...
006 (398.178.000) 02/11 11:03:26 Image size of job updated: 1074123844
	29  -  MemoryUsage of job (MB)
	28884  -  ResidentSetSize of job (KB)
...
005 (398.178.000) 02/11 11:03:26 Job terminated.
	(1) Normal termination (return value 0)
		Usr 0 00:01:25, Sys 0 00:00:24  -  Run Remote Usage
		Usr 0 00:00:00, Sys 0 00:00:00  -  Run Local Usage
		Usr 0 00:01:25, Sys 0 00:00:24  -  Total Remote Usage
		Usr 0 00:00:00, Sys 0 00:00:00  -  Total Local Usage
	0  -  Run Bytes Sent By Job
	0  -  Run Bytes Received By Job
	0  -  Total Bytes Sent By Job
	0  -  Total Bytes Received By Job
	Partitionable Resources :    Usage  Request Allocated 
	   Cpus                 :     0.17        1         1 
	   Disk (KB)            :     1           1  19623598 
	   Memory (MB)          :    29           1      6000 
...
