000 (398.311.000) 02/11 09:45:05 Job submitted from host: <10.0.8.10:9618?addrs=10.0.8.10-9618&noUDP&sock=3696752_f7c3_3>
...
001 (398.311.000) 02/11 11:33:15 Job executing on host: <10.0.9.4:9618?addrs=10.0.9.4-9618&noUDP&sock=1035_809c_3>
...
006 (398.311.000) 02/11 11:33:24 Image size of job updated: 28472
	28  -  MemoryUsage of job (MB)
	28472  -  ResidentSetSize of job (KB)
...
006 (398.311.000) 02/11 11:53:26 Image size of job updated: 1074145972
	32  -  MemoryUsage of job (MB)
	32280  -  ResidentSetSize of job (KB)
...
006 (398.311.000) 02/11 11:58:27 Image size of job updated: 1074225248
	45  -  MemoryUsage of job (MB)
	45936  -  ResidentSetSize of job (KB)
...
005 (398.311.000) 02/11 12:00:43 Job terminated.
	(1) Normal termination (return value 0)
		Usr 0 00:01:39, Sys 0 00:00:28  -  Run Remote Usage
		Usr 0 00:00:00, Sys 0 00:00:00  -  Run Local Usage
		Usr 0 00:01:39, Sys 0 00:00:28  -  Total Remote Usage
		Usr 0 00:00:00, Sys 0 00:00:00  -  Total Local Usage
	0  -  Run Bytes Sent By Job
	0  -  Run Bytes Received By Job
	0  -  Total Bytes Sent By Job
	0  -  Total Bytes Received By Job
	Partitionable Resources :    Usage  Request Allocated 
	   Cpus                 :        0        1         1 
	   Disk (KB)            :        1        1  19622548 
	   Memory (MB)          :       45        1      6000 
...
