000 (398.280.000) 02/11 09:45:05 Job submitted from host: <10.0.8.10:9618?addrs=10.0.8.10-9618&noUDP&sock=3696752_f7c3_3>
...
001 (398.280.000) 02/11 11:22:22 Job executing on host: <10.0.9.4:9618?addrs=10.0.9.4-9618&noUDP&sock=1035_809c_3>
...
006 (398.280.000) 02/11 11:22:32 Image size of job updated: 3960
	4  -  MemoryUsage of job (MB)
	3828  -  ResidentSetSize of job (KB)
...
006 (398.280.000) 02/11 11:27:32 Image size of job updated: 28392
	28  -  MemoryUsage of job (MB)
	28392  -  ResidentSetSize of job (KB)
...
006 (398.280.000) 02/11 11:32:33 Image size of job updated: 28656
	28  -  MemoryUsage of job (MB)
	28656  -  ResidentSetSize of job (KB)
...
006 (398.280.000) 02/11 11:46:40 Image size of job updated: 1074190544
	28  -  MemoryUsage of job (MB)
	28656  -  ResidentSetSize of job (KB)
...
005 (398.280.000) 02/11 11:46:40 Job terminated.
	(1) Normal termination (return value 0)
		Usr 0 00:01:40, Sys 0 00:00:29  -  Run Remote Usage
		Usr 0 00:00:00, Sys 0 00:00:00  -  Run Local Usage
		Usr 0 00:01:40, Sys 0 00:00:29  -  Total Remote Usage
		Usr 0 00:00:00, Sys 0 00:00:00  -  Total Local Usage
	0  -  Run Bytes Sent By Job
	0  -  Run Bytes Received By Job
	0  -  Total Bytes Sent By Job
	0  -  Total Bytes Received By Job
	Partitionable Resources :    Usage  Request Allocated 
	   Cpus                 :     0.17        1         1 
	   Disk (KB)            :     1           1  19622548 
	   Memory (MB)          :    28           1      6000 
...
