000 (398.377.000) 02/11 09:45:05 Job submitted from host: <10.0.8.10:9618?addrs=10.0.8.10-9618&noUDP&sock=3696752_f7c3_3>
...
001 (398.377.000) 02/11 12:01:05 Job executing on host: <10.0.9.4:9618?addrs=10.0.9.4-9618&noUDP&sock=1035_809c_3>
...
006 (398.377.000) 02/11 12:01:14 Image size of job updated: 9036
	9  -  MemoryUsage of job (MB)
	9036  -  ResidentSetSize of job (KB)
...
006 (398.377.000) 02/11 12:06:15 Image size of job updated: 28004
	28  -  MemoryUsage of job (MB)
	28004  -  ResidentSetSize of job (KB)
...
006 (398.377.000) 02/11 12:21:17 Image size of job updated: 28016
	28  -  MemoryUsage of job (MB)
	28016  -  ResidentSetSize of job (KB)
...
006 (398.377.000) 02/11 12:26:17 Image size of job updated: 28228
	28  -  MemoryUsage of job (MB)
	28228  -  ResidentSetSize of job (KB)
...
006 (398.377.000) 02/11 12:31:17 Image size of job updated: 1074123844
	33  -  MemoryUsage of job (MB)
	33624  -  ResidentSetSize of job (KB)
...
006 (398.377.000) 02/11 12:34:25 Image size of job updated: 1074145972
	33  -  MemoryUsage of job (MB)
	33624  -  ResidentSetSize of job (KB)
...
005 (398.377.000) 02/11 12:34:25 Job terminated.
	(1) Normal termination (return value 1)
		Usr 0 00:02:02, Sys 0 00:00:37  -  Run Remote Usage
		Usr 0 00:00:00, Sys 0 00:00:00  -  Run Local Usage
		Usr 0 00:02:02, Sys 0 00:00:37  -  Total Remote Usage
		Usr 0 00:00:00, Sys 0 00:00:00  -  Total Local Usage
	0  -  Run Bytes Sent By Job
	0  -  Run Bytes Received By Job
	0  -  Total Bytes Sent By Job
	0  -  Total Bytes Received By Job
	Partitionable Resources :    Usage  Request Allocated 
	   Cpus                 :        0        1         1 
	   Disk (KB)            :        1        1  19622548 
	   Memory (MB)          :       33        1      6000 
...
