000 (398.155.000) 02/11 09:45:04 Job submitted from host: <10.0.8.10:9618?addrs=10.0.8.10-9618&noUDP&sock=3696752_f7c3_3>
...
001 (398.155.000) 02/11 10:34:17 Job executing on host: <10.0.9.4:9618?addrs=10.0.9.4-9618&noUDP&sock=1035_809c_3>
...
006 (398.155.000) 02/11 10:34:25 Image size of job updated: 4356
	5  -  MemoryUsage of job (MB)
	4224  -  ResidentSetSize of job (KB)
...
006 (398.155.000) 02/11 10:39:25 Image size of job updated: 28448
	28  -  MemoryUsage of job (MB)
	28316  -  ResidentSetSize of job (KB)
...
006 (398.155.000) 02/11 11:01:21 Image size of job updated: 1074123844
	28  -  MemoryUsage of job (MB)
	28316  -  ResidentSetSize of job (KB)
...
005 (398.155.000) 02/11 11:01:21 Job terminated.
	(1) Normal termination (return value 0)
		Usr 0 00:01:46, Sys 0 00:00:33  -  Run Remote Usage
		Usr 0 00:00:00, Sys 0 00:00:00  -  Run Local Usage
		Usr 0 00:01:46, Sys 0 00:00:33  -  Total Remote Usage
		Usr 0 00:00:00, Sys 0 00:00:00  -  Total Local Usage
	0  -  Run Bytes Sent By Job
	0  -  Run Bytes Received By Job
	0  -  Total Bytes Sent By Job
	0  -  Total Bytes Received By Job
	Partitionable Resources :    Usage  Request Allocated 
	   Cpus                 :     0.42        1         1 
	   Disk (KB)            :     1           1  19622548 
	   Memory (MB)          :    28           1      6000 
...
