000 (398.431.000) 02/11 09:45:05 Job submitted from host: <10.0.8.10:9618?addrs=10.0.8.10-9618&noUDP&sock=3696752_f7c3_3>
...
001 (398.431.000) 02/11 12:17:02 Job executing on host: <10.0.9.4:9618?addrs=10.0.9.4-9618&noUDP&sock=1035_809c_3>
...
006 (398.431.000) 02/11 12:17:10 Image size of job updated: 28740
	28  -  MemoryUsage of job (MB)
	28608  -  ResidentSetSize of job (KB)
...
006 (398.431.000) 02/11 12:22:10 Image size of job updated: 28804
	28  -  MemoryUsage of job (MB)
	28672  -  ResidentSetSize of job (KB)
...
006 (398.431.000) 02/11 12:27:11 Image size of job updated: 28936
	28  -  MemoryUsage of job (MB)
	28672  -  ResidentSetSize of job (KB)
...
006 (398.431.000) 02/11 12:34:25 Image size of job updated: 1074145972
	28  -  MemoryUsage of job (MB)
	28672  -  ResidentSetSize of job (KB)
...
005 (398.431.000) 02/11 12:34:25 Job terminated.
	(1) Normal termination (return value 1)
		Usr 0 00:01:35, Sys 0 00:00:26  -  Run Remote Usage
		Usr 0 00:00:00, Sys 0 00:00:00  -  Run Local Usage
		Usr 0 00:01:35, Sys 0 00:00:26  -  Total Remote Usage
		Usr 0 00:00:00, Sys 0 00:00:00  -  Total Local Usage
	0  -  Run Bytes Sent By Job
	0  -  Run Bytes Received By Job
	0  -  Total Bytes Sent By Job
	0  -  Total Bytes Received By Job
	Partitionable Resources :    Usage  Request Allocated 
	   Cpus                 :     0.23        1         1 
	   Disk (KB)            :     1           1  19622548 
	   Memory (MB)          :    28           1      6000 
...
