000 (398.221.000) 02/11 09:45:05 Job submitted from host: <10.0.8.10:9618?addrs=10.0.8.10-9618&noUDP&sock=3696752_f7c3_3>
...
001 (398.221.000) 02/11 10:58:16 Job executing on host: <10.0.9.4:9618?addrs=10.0.9.4-9618&noUDP&sock=1035_809c_3>
...
006 (398.221.000) 02/11 10:58:24 Image size of job updated: 28988
	29  -  MemoryUsage of job (MB)
	28856  -  ResidentSetSize of job (KB)
...
006 (398.221.000) 02/11 11:28:27 Image size of job updated: 1074123844
	32  -  MemoryUsage of job (MB)
	31836  -  ResidentSetSize of job (KB)
...
006 (398.221.000) 02/11 11:31:56 Image size of job updated: 1074168100
	32  -  MemoryUsage of job (MB)
	31836  -  ResidentSetSize of job (KB)
...
005 (398.221.000) 02/11 11:31:56 Job terminated.
	(1) Normal termination (return value 128)
		Usr 0 00:01:54, Sys 0 00:00:39  -  Run Remote Usage
		Usr 0 00:00:00, Sys 0 00:00:00  -  Run Local Usage
		Usr 0 00:01:54, Sys 0 00:00:39  -  Total Remote Usage
		Usr 0 00:00:00, Sys 0 00:00:00  -  Total Local Usage
	0  -  Run Bytes Sent By Job
	0  -  Run Bytes Received By Job
	0  -  Total Bytes Sent By Job
	0  -  Total Bytes Received By Job
	Partitionable Resources :    Usage  Request Allocated 
	   Cpus                 :     0.00        1         1 
	   Disk (KB)            :     1           1  19622548 
	   Memory (MB)          :    32           1      6000 
...
