000 (452.000.000) 02/25 09:31:56 Job submitted from host: <10.0.8.10:9618?addrs=10.0.8.10-9618&noUDP&sock=1323_0be3_3>
...
001 (452.000.000) 02/25 09:31:56 Job executing on host: <10.0.9.4:9618?addrs=10.0.9.4-9618&noUDP&sock=1035_809c_51>
...
006 (452.000.000) 02/25 09:31:57 Image size of job updated: 200
	0  -  MemoryUsage of job (MB)
	0  -  ResidentSetSize of job (KB)
...
005 (452.000.000) 02/25 09:31:57 Job terminated.
	(1) Normal termination (return value 9)
		Usr 0 00:00:00, Sys 0 00:00:00  -  Run Remote Usage
		Usr 0 00:00:00, Sys 0 00:00:00  -  Run Local Usage
		Usr 0 00:00:00, Sys 0 00:00:00  -  Total Remote Usage
		Usr 0 00:00:00, Sys 0 00:00:00  -  Total Local Usage
	0  -  Run Bytes Sent By Job
	0  -  Run Bytes Received By Job
	0  -  Total Bytes Sent By Job
	0  -  Total Bytes Received By Job
	Partitionable Resources :    Usage  Request Allocated 
	   Cpus                 :                 1         1 
	   Disk (KB)            :      200      200 301652163 
	   Memory (MB)          :        0        1      6000 
...
