000 (454.012.000) 02/25 09:41:21 Job submitted from host: <10.0.8.10:9618?addrs=10.0.8.10-9618&noUDP&sock=1323_0be3_3>
...
001 (454.012.000) 02/25 09:41:22 Job executing on host: <10.0.9.3:9618?addrs=10.0.9.3-9618&noUDP&sock=16375_776a_21>
...
006 (454.012.000) 02/25 09:41:30 Image size of job updated: 5652
	4  -  MemoryUsage of job (MB)
	3540  -  ResidentSetSize of job (KB)
...
005 (454.012.000) 02/25 10:09:44 Job terminated.
	(1) Normal termination (return value 0)
		Usr 0 00:01:49, Sys 0 00:00:13  -  Run Remote Usage
		Usr 0 00:00:00, Sys 0 00:00:00  -  Run Local Usage
		Usr 0 00:01:49, Sys 0 00:00:13  -  Total Remote Usage
		Usr 0 00:00:00, Sys 0 00:00:00  -  Total Local Usage
	0  -  Run Bytes Sent By Job
	0  -  Run Bytes Received By Job
	0  -  Total Bytes Sent By Job
	0  -  Total Bytes Received By Job
	Partitionable Resources :    Usage  Request Allocated 
	   Cpus                 :     0.11        1         1 
	   Disk (KB)            :   200         200 301652153 
	   Memory (MB)          :     4           1      6000 
...
