000 (454.100.000) 02/25 09:41:21 Job submitted from host: <10.0.8.10:9618?addrs=10.0.8.10-9618&noUDP&sock=1323_0be3_3>
...
001 (454.100.000) 02/25 10:09:22 Job executing on host: <10.0.9.3:9618?addrs=10.0.9.3-9618&noUDP&sock=16375_776a_21>
...
006 (454.100.000) 02/25 10:09:31 Image size of job updated: 2508
	3  -  MemoryUsage of job (MB)
	2508  -  ResidentSetSize of job (KB)
...
006 (454.100.000) 02/25 10:49:59 Image size of job updated: 7912
	3  -  MemoryUsage of job (MB)
	2508  -  ResidentSetSize of job (KB)
...
005 (454.100.000) 02/25 10:49:59 Job terminated.
	(1) Normal termination (return value 0)
		Usr 0 00:02:34, Sys 0 00:00:19  -  Run Remote Usage
		Usr 0 00:00:00, Sys 0 00:00:00  -  Run Local Usage
		Usr 0 00:02:34, Sys 0 00:00:19  -  Total Remote Usage
		Usr 0 00:00:00, Sys 0 00:00:00  -  Total Local Usage
	0  -  Run Bytes Sent By Job
	0  -  Run Bytes Received By Job
	0  -  Total Bytes Sent By Job
	0  -  Total Bytes Received By Job
	Partitionable Resources :    Usage  Request Allocated 
	   Cpus                 :     0.04        1         1 
	   Disk (KB)            :   200         200 301652153 
	   Memory (MB)          :     3           1      6000 
...
