000 (454.000.000) 02/25 09:41:21 Job submitted from host: <10.0.8.10:9618?addrs=10.0.8.10-9618&noUDP&sock=1323_0be3_3>
...
001 (454.000.000) 02/25 09:41:22 Job executing on host: <10.0.9.4:9618?addrs=10.0.9.4-9618&noUDP&sock=1035_809c_51>
...
006 (454.000.000) 02/25 09:41:30 Image size of job updated: 2508
	3  -  MemoryUsage of job (MB)
	2508  -  ResidentSetSize of job (KB)
...
005 (454.000.000) 02/25 09:43:09 Job terminated.
	(1) Normal termination (return value 1)
		Usr 0 00:00:00, Sys 0 00:00:01  -  Run Remote Usage
		Usr 0 00:00:00, Sys 0 00:00:00  -  Run Local Usage
		Usr 0 00:00:00, Sys 0 00:00:01  -  Total Remote Usage
		Usr 0 00:00:00, Sys 0 00:00:00  -  Total Local Usage
	0  -  Run Bytes Sent By Job
	0  -  Run Bytes Received By Job
	0  -  Total Bytes Sent By Job
	0  -  Total Bytes Received By Job
	Partitionable Resources :    Usage  Request Allocated 
	   Cpus                 :        0        1         1 
	   Disk (KB)            :      200      200 301652163 
	   Memory (MB)          :        3        1      6000 
...
