000 (454.148.000) 02/25 09:41:21 Job submitted from host: <10.0.8.10:9618?addrs=10.0.8.10-9618&noUDP&sock=1323_0be3_3>
...
001 (454.148.000) 02/25 10:22:23 Job executing on host: <10.0.9.3:9618?addrs=10.0.9.3-9618&noUDP&sock=16375_776a_21>
...
006 (454.148.000) 02/25 10:22:31 Image size of job updated: 1848
	2  -  MemoryUsage of job (MB)
	1848  -  ResidentSetSize of job (KB)
...
005 (454.148.000) 02/25 10:46:55 Job terminated.
	(1) Normal termination (return value 0)
		Usr 0 00:01:41, Sys 0 00:00:12  -  Run Remote Usage
		Usr 0 00:00:00, Sys 0 00:00:00  -  Run Local Usage
		Usr 0 00:01:41, Sys 0 00:00:12  -  Total Remote Usage
		Usr 0 00:00:00, Sys 0 00:00:00  -  Total Local Usage
	0  -  Run Bytes Sent By Job
	0  -  Run Bytes Received By Job
	0  -  Total Bytes Sent By Job
	0  -  Total Bytes Received By Job
	Partitionable Resources :    Usage  Request Allocated 
	   Cpus                 :     0.17        1         1 
	   Disk (KB)            :   200         200 301652153 
	   Memory (MB)          :     2           1      6000 
...
