000 (454.152.000) 02/25 09:41:21 Job submitted from host: <10.0.8.10:9618?addrs=10.0.8.10-9618&noUDP&sock=1323_0be3_3>
...
001 (454.152.000) 02/25 10:22:50 Job executing on host: <10.0.9.1:9618?addrs=10.0.9.1-9618&noUDP&sock=1544_a251_32>
...
006 (454.152.000) 02/25 10:22:59 Image size of job updated: 2112
	3  -  MemoryUsage of job (MB)
	2112  -  ResidentSetSize of job (KB)
...
006 (454.152.000) 02/25 10:31:57 Image size of job updated: 7516
	3  -  MemoryUsage of job (MB)
	2112  -  ResidentSetSize of job (KB)
...
005 (454.152.000) 02/25 10:31:58 Job terminated.
	(1) Normal termination (return value 0)
		Usr 0 00:01:42, Sys 0 00:00:14  -  Run Remote Usage
		Usr 0 00:00:00, Sys 0 00:00:00  -  Run Local Usage
		Usr 0 00:01:42, Sys 0 00:00:14  -  Total Remote Usage
		Usr 0 00:00:00, Sys 0 00:00:00  -  Total Local Usage
	0  -  Run Bytes Sent By Job
	0  -  Run Bytes Received By Job
	0  -  Total Bytes Sent By Job
	0  -  Total Bytes Received By Job
	Partitionable Resources :    Usage  Request Allocated 
	   Cpus                 :     0.17        1         1 
	   Disk (KB)            :   200         200   3770656 
	   Memory (MB)          :     3           1       128 
...
